#
# There is insufficient memory for the Java Runtime Environment to continue.
# Native memory allocation (malloc) failed to allocate 1048576 bytes. Error detail: AllocateHeap
# Possible reasons:
#   The system is out of physical RAM or swap space
#   This process is running with CompressedOops enabled, and the Java Heap may be blocking the growth of the native heap
# Possible solutions:
#   Reduce memory load on the system
#   Increase physical memory or swap space
#   Check if swap backing store is full
#   Decrease Java heap size (-Xmx/-Xms)
#   Decrease number of Java threads
#   Decrease Java thread stack sizes (-Xss)
#   Set larger code cache with -XX:ReservedCodeCacheSize=
#   JVM is running with Unscaled Compressed Oops mode in which the Java heap is
#     placed in the first 4GB address space. The Java Heap base address is the
#     maximum limit for the native heap growth. Please use -XX:HeapBaseMinAddress
#     to set the Java Heap base and to place the Java Heap above 4GB virtual address.
# This output file may be truncated or incomplete.
#
#  Out of Memory Error (allocation.cpp:44), pid=10192, tid=12312
#
# JRE version: OpenJDK Runtime Environment Temurin-21.0.9+10 (21.0.9+10) (build 21.0.9+10-LTS)
# Java VM: OpenJDK 64-Bit Server VM Temurin-21.0.9+10 (21.0.9+10-LTS, mixed mode, emulated-client, sharing, tiered, compressed oops, compressed class ptrs, g1 gc, windows-amd64)
# No core dump will be written. Minidumps are not enabled by default on client versions of Windows
#

---------------  S U M M A R Y ------------

Command Line: -Xmx1024m -Dsts.lsp.client=vscode -Dsts.log.file=/dev/null -XX:TieredStopAtLevel=1 -Xlog:jni+resolve=off -Dspring.config.location=file:c:\Users\shop souf\.vscode\extensions\vmware.vscode-spring-boot-1.56.0\language-server\BOOT-INF\classes\application.properties org.springframework.ide.vscode.boot.app.BootLanguageServerBootApp

Host: Intel(R) Core(TM) i5-5300U CPU @ 2.30GHz, 4 cores, 7G,  Windows 10 , 64 bit Build 19041 (10.0.19041.5915)
Time: Sun Feb 15 18:50:08 2026 Maroc elapsed time: 1683.538152 seconds (0d 0h 28m 3s)

---------------  T H R E A D  ---------------

Current thread (0x0000013ff5fd7680):  VMThread "VM Thread"          [id=12312, stack(0x0000000310f00000,0x0000000311000000) (1024K)]

Stack: [0x0000000310f00000,0x0000000311000000]
Native frames: (J=compiled Java code, j=interpreted, Vv=VM code, C=native code)
V  [jvm.dll+0x6d6e29]
V  [jvm.dll+0x8b4b76]
V  [jvm.dll+0x8b712e]
V  [jvm.dll+0x8b7813]
V  [jvm.dll+0x283d86]
V  [jvm.dll+0xc1277]
V  [jvm.dll+0x34f262]
V  [jvm.dll+0x349b4e]
V  [jvm.dll+0x332487]
V  [jvm.dll+0x3746f4]
V  [jvm.dll+0x8bd500]
V  [jvm.dll+0x8be8a4]
V  [jvm.dll+0x8bede0]
V  [jvm.dll+0x8bf083]
V  [jvm.dll+0x85e9ad]
V  [jvm.dll+0x6d565d]
C  [ucrtbase.dll+0x21bb2]
C  [KERNEL32.DLL+0x17374]
C  [ntdll.dll+0x4cc91]

VM_Operation (0x0000000311ffeea0): G1CollectFull, mode: safepoint, requested by thread 0x0000013ffba3ca90


---------------  P R O C E S S  ---------------

Threads class SMR info:
_java_thread_list=0x0000013ffca1eee0, length=23, elements={
0x0000013ff5ff46f0, 0x0000013ff5ff5600, 0x0000013ff5ff6cb0, 0x0000013ff5ffb120,
0x0000013ff5ffcb80, 0x0000013ff5fff860, 0x0000013ff6000a50, 0x0000013ff6181b60,
0x0000013ff6186970, 0x0000013ffba3c430, 0x0000013ffba3ca90, 0x0000013ffba59fe0,
0x0000013fec74b1c0, 0x0000013ffbbbe690, 0x0000013ffbf3f900, 0x0000013ffbdeefd0,
0x0000013ffbdefcf0, 0x0000013ffbdf0380, 0x0000013ffbdef660, 0x0000013ffbdf0a10,
0x0000013ffbee9e50, 0x0000013ffbeed960, 0x0000013ffbeee680
}

Java Threads: ( => current thread )
  0x0000013ff5ff46f0 JavaThread "Reference Handler"          daemon [_thread_blocked, id=20476, stack(0x0000000311000000,0x0000000311100000) (1024K)]
  0x0000013ff5ff5600 JavaThread "Finalizer"                  daemon [_thread_blocked, id=8680, stack(0x0000000311100000,0x0000000311200000) (1024K)]
  0x0000013ff5ff6cb0 JavaThread "Signal Dispatcher"          daemon [_thread_blocked, id=7288, stack(0x0000000311200000,0x0000000311300000) (1024K)]
  0x0000013ff5ffb120 JavaThread "Attach Listener"            daemon [_thread_blocked, id=9656, stack(0x0000000311300000,0x0000000311400000) (1024K)]
  0x0000013ff5ffcb80 JavaThread "Service Thread"             daemon [_thread_blocked, id=14040, stack(0x0000000311400000,0x0000000311500000) (1024K)]
  0x0000013ff5fff860 JavaThread "Monitor Deflation Thread"   daemon [_thread_blocked, id=21960, stack(0x0000000311500000,0x0000000311600000) (1024K)]
  0x0000013ff6000a50 JavaThread "C1 CompilerThread0"         daemon [_thread_blocked, id=13452, stack(0x0000000311600000,0x0000000311700000) (1024K)]
  0x0000013ff6181b60 JavaThread "Notification Thread"        daemon [_thread_blocked, id=12000, stack(0x0000000311700000,0x0000000311800000) (1024K)]
  0x0000013ff6186970 JavaThread "Common-Cleaner"             daemon [_thread_blocked, id=11772, stack(0x0000000311800000,0x0000000311900000) (1024K)]
  0x0000013ffba3c430 JavaThread "boundedElastic-evictor-1"   daemon [_thread_blocked, id=5228, stack(0x0000000311e00000,0x0000000311f00000) (1024K)]
  0x0000013ffba3ca90 JavaThread "pool-12-thread-1"                  [_thread_blocked, id=1216, stack(0x0000000311f00000,0x0000000312000000) (1024K)]
  0x0000013ffba59fe0 JavaThread "LanguageServerApp-lifecycle"        [_thread_blocked, id=21220, stack(0x0000000312000000,0x0000000312100000) (1024K)]
  0x0000013fec74b1c0 JavaThread "DestroyJavaVM"                     [_thread_blocked, id=8388, stack(0x0000000310800000,0x0000000310900000) (1024K)]
  0x0000013ffbbbe690 JavaThread "pool-13-thread-1"                  [_thread_in_native, id=9416, stack(0x0000000312100000,0x0000000312200000) (1024K)]
  0x0000013ffbf3f900 JavaThread "Simple-Language-Server main thread" daemon [_thread_blocked, id=4312, stack(0x0000000312200000,0x0000000312300000) (1024K)]
  0x0000013ffbdeefd0 JavaThread "pool-7-thread-1"                   [_thread_blocked, id=20828, stack(0x0000000312600000,0x0000000312700000) (1024K)]
  0x0000013ffbdefcf0 JavaThread "parallel-1"                 daemon [_thread_blocked, id=20088, stack(0x0000000312700000,0x0000000312800000) (1024K)]
  0x0000013ffbdf0380 JavaThread "pool-5-thread-1"                   [_thread_blocked, id=21784, stack(0x0000000312800000,0x0000000312900000) (1024K)]
  0x0000013ffbdef660 JavaThread "parallel-2"                 daemon [_thread_blocked, id=1872, stack(0x0000000312900000,0x0000000312a00000) (1024K)]
  0x0000013ffbdf0a10 JavaThread "parallel-3"                 daemon [_thread_blocked, id=15804, stack(0x0000000312a00000,0x0000000312b00000) (1024K)]
  0x0000013ffbee9e50 JavaThread "parallel-4"                 daemon [_thread_blocked, id=14160, stack(0x0000000312f00000,0x0000000313000000) (1024K)]
  0x0000013ffbeed960 JavaThread "Reconciler-1"               daemon [_thread_blocked, id=14312, stack(0x0000000313100000,0x0000000313200000) (1024K)]
  0x0000013ffbeee680 JavaThread "CompletableFutureDelayScheduler" daemon [_thread_blocked, id=8932, stack(0x0000000312500000,0x0000000312600000) (1024K)]
Total: 23

Other Threads:
=>0x0000013ff5fd7680 VMThread "VM Thread"                           [id=12312, stack(0x0000000310f00000,0x0000000311000000) (1024K)]
  0x0000013ff5fc9cb0 WatcherThread "VM Periodic Task Thread"        [id=1792, stack(0x0000000310e00000,0x0000000310f00000) (1024K)]
  0x0000013fec786c80 WorkerThread "GC Thread#0"                     [id=18288, stack(0x0000000310900000,0x0000000310a00000) (1024K)]
  0x0000013ff67f7f90 WorkerThread "GC Thread#1"                     [id=16852, stack(0x0000000311900000,0x0000000311a00000) (1024K)]
  0x0000013ff647b3a0 WorkerThread "GC Thread#2"                     [id=15944, stack(0x0000000311a00000,0x0000000311b00000) (1024K)]
  0x0000013ff6ba9660 WorkerThread "GC Thread#3"                     [id=15348, stack(0x0000000311b00000,0x0000000311c00000) (1024K)]
  0x0000013fec78fc60 ConcurrentGCThread "G1 Main Marker"            [id=13736, stack(0x0000000310a00000,0x0000000310b00000) (1024K)]
  0x0000013fec790760 WorkerThread "G1 Conc#0"                       [id=15056, stack(0x0000000310b00000,0x0000000310c00000) (1024K)]
  0x0000013ff5e914a0 ConcurrentGCThread "G1 Refine#0"               [id=4240, stack(0x0000000310c00000,0x0000000310d00000) (1024K)]
  0x0000013fec807470 ConcurrentGCThread "G1 Service"                [id=21136, stack(0x0000000310d00000,0x0000000310e00000) (1024K)]
Total: 10

Threads with active compile tasks:
C1 CompilerThread0  1683571 11183   !   1       com.google.common.io.Closeables::close (37 bytes)
Total: 1

VM state: at safepoint (normal execution)

VM Mutex/Monitor currently owned by a thread:  ([mutex/lock_event])
[0x00007ffbd93ad570] Threads_lock - owner thread: 0x0000013ff5fd7680
[0x00007ffbd93ad670] Heap_lock - owner thread: 0x0000013ffba3ca90

Heap address: 0x00000000c0000000, size: 1024 MB, Compressed Oops mode: 32-bit

CDS archive(s) mapped at: [0x0000013f80000000-0x0000013f80ba0000-0x0000013f80ba0000), size 12189696, SharedBaseAddress: 0x0000013f80000000, ArchiveRelocationMode: 1.
Compressed class space mapped at: 0x0000013f81000000-0x0000013fc1000000, reserved size: 1073741824
Narrow klass base: 0x0000013f80000000, Narrow klass shift: 0, Narrow klass range: 0x100000000

GC Precious Log:
 CardTable entry size: 512
 Card Set container configuration: InlinePtr #cards 5 size 8 Array Of Cards #cards 12 size 40 Howl #buckets 4 coarsen threshold 1843 Howl Bitmap #cards 512 size 80 coarsen threshold 460 Card regions per heap region 1 cards per card region 2048
 CPUs: 4 total, 4 available
 Memory: 8067M
 Large Page Support: Disabled
 NUMA Support: Disabled
 Compressed Oops: Enabled (32-bit)
 Heap Region Size: 1M
 Heap Min Capacity: 8M
 Heap Initial Capacity: 128M
 Heap Max Capacity: 1G
 Pre-touch: Disabled
 Parallel Workers: 4
 Concurrent Workers: 1
 Concurrent Refinement Workers: 4
 Periodic GC: Disabled

Heap:
 garbage-first heap   total 86016K, used 38665K [0x00000000c0000000, 0x0000000100000000)
  region size 1024K, 1 young (1024K), 0 survivors (0K)
 Metaspace       used 55344K, committed 56064K, reserved 1114112K
  class space    used 6917K, committed 7232K, reserved 1048576K

Heap Regions: E=young(eden), S=young(survivor), O=old, HS=humongous(starts), HC=humongous(continues), CS=collection set, F=free, TAMS=top-at-mark-start, PB=parsable bottom
|   0|0x00000000c0000000, 0x00000000c0100000, 0x00000000c0100000|100%|HS|  |TAMS 0x00000000c0000000| PB 0x00000000c0000000| Untracked 
|   1|0x00000000c0100000, 0x00000000c0200000, 0x00000000c0200000|100%|HC|  |TAMS 0x00000000c0100000| PB 0x00000000c0100000| Untracked 
|   2|0x00000000c0200000, 0x00000000c0300000, 0x00000000c0300000|100%|HC|  |TAMS 0x00000000c0200000| PB 0x00000000c0200000| Untracked 
|   3|0x00000000c0300000, 0x00000000c0400000, 0x00000000c0400000|100%|HC|  |TAMS 0x00000000c0300000| PB 0x00000000c0300000| Untracked 
|   4|0x00000000c0400000, 0x00000000c04ffff8, 0x00000000c0500000| 99%| O|  |TAMS 0x00000000c0400000| PB 0x00000000c0400000| Untracked 
|   5|0x00000000c0500000, 0x00000000c05f3508, 0x00000000c0600000| 95%| O|  |TAMS 0x00000000c0500000| PB 0x00000000c0500000| Untracked 
|   6|0x00000000c0600000, 0x00000000c06f5f88, 0x00000000c0700000| 96%| O|  |TAMS 0x00000000c0600000| PB 0x00000000c0600000| Untracked 
|   7|0x00000000c0700000, 0x00000000c0800000, 0x00000000c0800000|100%| O|  |TAMS 0x00000000c0700000| PB 0x00000000c0700000| Untracked 
|   8|0x00000000c0800000, 0x00000000c0900000, 0x00000000c0900000|100%| O|  |TAMS 0x00000000c0800000| PB 0x00000000c0800000| Untracked 
|   9|0x00000000c0900000, 0x00000000c09ffff8, 0x00000000c0a00000| 99%| O|  |TAMS 0x00000000c0900000| PB 0x00000000c0900000| Untracked 
|  10|0x00000000c0a00000, 0x00000000c0b00000, 0x00000000c0b00000|100%|HS|  |TAMS 0x00000000c0a00000| PB 0x00000000c0a00000| Untracked 
|  11|0x00000000c0b00000, 0x00000000c0c00000, 0x00000000c0c00000|100%|HC|  |TAMS 0x00000000c0b00000| PB 0x00000000c0b00000| Untracked 
|  12|0x00000000c0c00000, 0x00000000c0d00000, 0x00000000c0d00000|100%| O|  |TAMS 0x00000000c0c00000| PB 0x00000000c0c00000| Untracked 
|  13|0x00000000c0d00000, 0x00000000c0e00000, 0x00000000c0e00000|100%| O|  |TAMS 0x00000000c0d00000| PB 0x00000000c0d00000| Untracked 
|  14|0x00000000c0e00000, 0x00000000c0effff0, 0x00000000c0f00000| 99%| O|  |TAMS 0x00000000c0e00000| PB 0x00000000c0e00000| Untracked 
|  15|0x00000000c0f00000, 0x00000000c0fffff0, 0x00000000c1000000| 99%| O|  |TAMS 0x00000000c0f00000| PB 0x00000000c0f00000| Untracked 
|  16|0x00000000c1000000, 0x00000000c10ffff8, 0x00000000c1100000| 99%| O|  |TAMS 0x00000000c1000000| PB 0x00000000c1000000| Untracked 
|  17|0x00000000c1100000, 0x00000000c11fffe0, 0x00000000c1200000| 99%| O|  |TAMS 0x00000000c1100000| PB 0x00000000c1100000| Untracked 
|  18|0x00000000c1200000, 0x00000000c12ffff8, 0x00000000c1300000| 99%| O|  |TAMS 0x00000000c1200000| PB 0x00000000c1200000| Untracked 
|  19|0x00000000c1300000, 0x00000000c13fffc0, 0x00000000c1400000| 99%| O|  |TAMS 0x00000000c1300000| PB 0x00000000c1300000| Untracked 
|  20|0x00000000c1400000, 0x00000000c14fffe0, 0x00000000c1500000| 99%| O|  |TAMS 0x00000000c1400000| PB 0x00000000c1400000| Untracked 
|  21|0x00000000c1500000, 0x00000000c1600000, 0x00000000c1600000|100%| O|  |TAMS 0x00000000c1500000| PB 0x00000000c1500000| Untracked 
|  22|0x00000000c1600000, 0x00000000c16f5930, 0x00000000c1700000| 95%| O|  |TAMS 0x00000000c1600000| PB 0x00000000c1600000| Untracked 
|  23|0x00000000c1700000, 0x00000000c17ff2e0, 0x00000000c1800000| 99%| O|  |TAMS 0x00000000c1700000| PB 0x00000000c1700000| Untracked 
|  24|0x00000000c1800000, 0x00000000c18fffe8, 0x00000000c1900000| 99%| O|  |TAMS 0x00000000c1800000| PB 0x00000000c1800000| Untracked 
|  25|0x00000000c1900000, 0x00000000c19ffff8, 0x00000000c1a00000| 99%| O|  |TAMS 0x00000000c1900000| PB 0x00000000c1900000| Untracked 
|  26|0x00000000c1a00000, 0x00000000c1affff8, 0x00000000c1b00000| 99%| O|  |TAMS 0x00000000c1a00000| PB 0x00000000c1a00000| Untracked 
|  27|0x00000000c1b00000, 0x00000000c1c00000, 0x00000000c1c00000|100%| O|  |TAMS 0x00000000c1b00000| PB 0x00000000c1b00000| Untracked 
|  28|0x00000000c1c00000, 0x00000000c1cfffd8, 0x00000000c1d00000| 99%| O|  |TAMS 0x00000000c1c00000| PB 0x00000000c1c00000| Untracked 
|  29|0x00000000c1d00000, 0x00000000c1df94a0, 0x00000000c1e00000| 97%| O|  |TAMS 0x00000000c1d00000| PB 0x00000000c1d00000| Untracked 
|  30|0x00000000c1e00000, 0x00000000c1effcd0, 0x00000000c1f00000| 99%| O|  |TAMS 0x00000000c1e00000| PB 0x00000000c1e00000| Untracked 
|  31|0x00000000c1f00000, 0x00000000c1ff35c0, 0x00000000c2000000| 95%| O|  |TAMS 0x00000000c1f00000| PB 0x00000000c1f00000| Untracked 
|  32|0x00000000c2000000, 0x00000000c2100000, 0x00000000c2100000|100%|HS|  |TAMS 0x00000000c2000000| PB 0x00000000c2000000| Untracked 
|  33|0x00000000c2100000, 0x00000000c2200000, 0x00000000c2200000|100%|HS|  |TAMS 0x00000000c2100000| PB 0x00000000c2100000| Untracked 
|  34|0x00000000c2200000, 0x00000000c22f7fb0, 0x00000000c2300000| 96%| O|  |TAMS 0x00000000c2200000| PB 0x00000000c2200000| Untracked 
|  35|0x00000000c2300000, 0x00000000c23ffef8, 0x00000000c2400000| 99%| O|  |TAMS 0x00000000c2300000| PB 0x00000000c2300000| Untracked 
|  36|0x00000000c2400000, 0x00000000c2400000, 0x00000000c2500000|  0%| F|  |TAMS 0x00000000c2400000| PB 0x00000000c2400000| Untracked 
|  37|0x00000000c2500000, 0x00000000c2500000, 0x00000000c2600000|  0%| F|  |TAMS 0x00000000c2500000| PB 0x00000000c2500000| Untracked 
|  38|0x00000000c2600000, 0x00000000c2600000, 0x00000000c2700000|  0%| F|  |TAMS 0x00000000c2600000| PB 0x00000000c2600000| Untracked 
|  39|0x00000000c2700000, 0x00000000c2700000, 0x00000000c2800000|  0%| F|  |TAMS 0x00000000c2700000| PB 0x00000000c2700000| Untracked 
|  40|0x00000000c2800000, 0x00000000c2800000, 0x00000000c2900000|  0%| F|  |TAMS 0x00000000c2800000| PB 0x00000000c2800000| Untracked 
|  41|0x00000000c2900000, 0x00000000c2900000, 0x00000000c2a00000|  0%| F|  |TAMS 0x00000000c2900000| PB 0x00000000c2900000| Untracked 
|  42|0x00000000c2a00000, 0x00000000c2a00000, 0x00000000c2b00000|  0%| F|  |TAMS 0x00000000c2a00000| PB 0x00000000c2a00000| Untracked 
|  43|0x00000000c2b00000, 0x00000000c2b00000, 0x00000000c2c00000|  0%| F|  |TAMS 0x00000000c2b00000| PB 0x00000000c2b00000| Untracked 
|  44|0x00000000c2c00000, 0x00000000c2c00000, 0x00000000c2d00000|  0%| F|  |TAMS 0x00000000c2c00000| PB 0x00000000c2c00000| Untracked 
|  45|0x00000000c2d00000, 0x00000000c2d00000, 0x00000000c2e00000|  0%| F|  |TAMS 0x00000000c2d00000| PB 0x00000000c2d00000| Untracked 
|  46|0x00000000c2e00000, 0x00000000c2e00000, 0x00000000c2f00000|  0%| F|  |TAMS 0x00000000c2e00000| PB 0x00000000c2e00000| Untracked 
|  47|0x00000000c2f00000, 0x00000000c2f00000, 0x00000000c3000000|  0%| F|  |TAMS 0x00000000c2f00000| PB 0x00000000c2f00000| Untracked 
|  48|0x00000000c3000000, 0x00000000c3000000, 0x00000000c3100000|  0%| F|  |TAMS 0x00000000c3000000| PB 0x00000000c3000000| Untracked 
|  49|0x00000000c3100000, 0x00000000c3100000, 0x00000000c3200000|  0%| F|  |TAMS 0x00000000c3100000| PB 0x00000000c3100000| Untracked 
|  50|0x00000000c3200000, 0x00000000c3200000, 0x00000000c3300000|  0%| F|  |TAMS 0x00000000c3200000| PB 0x00000000c3200000| Untracked 
|  51|0x00000000c3300000, 0x00000000c3300000, 0x00000000c3400000|  0%| F|  |TAMS 0x00000000c3300000| PB 0x00000000c3300000| Untracked 
|  52|0x00000000c3400000, 0x00000000c3400000, 0x00000000c3500000|  0%| F|  |TAMS 0x00000000c3400000| PB 0x00000000c3400000| Untracked 
|  53|0x00000000c3500000, 0x00000000c3500000, 0x00000000c3600000|  0%| F|  |TAMS 0x00000000c3500000| PB 0x00000000c3500000| Untracked 
|  54|0x00000000c3600000, 0x00000000c3600000, 0x00000000c3700000|  0%| F|  |TAMS 0x00000000c3600000| PB 0x00000000c3600000| Untracked 
|  55|0x00000000c3700000, 0x00000000c3700000, 0x00000000c3800000|  0%| F|  |TAMS 0x00000000c3700000| PB 0x00000000c3700000| Untracked 
|  56|0x00000000c3800000, 0x00000000c3800000, 0x00000000c3900000|  0%| F|  |TAMS 0x00000000c3800000| PB 0x00000000c3800000| Untracked 
|  57|0x00000000c3900000, 0x00000000c3900000, 0x00000000c3a00000|  0%| F|  |TAMS 0x00000000c3900000| PB 0x00000000c3900000| Untracked 
|  58|0x00000000c3a00000, 0x00000000c3a00000, 0x00000000c3b00000|  0%| F|  |TAMS 0x00000000c3a00000| PB 0x00000000c3a00000| Untracked 
|  59|0x00000000c3b00000, 0x00000000c3b00000, 0x00000000c3c00000|  0%| F|  |TAMS 0x00000000c3b00000| PB 0x00000000c3b00000| Untracked 
|  60|0x00000000c3c00000, 0x00000000c3c00000, 0x00000000c3d00000|  0%| F|  |TAMS 0x00000000c3c00000| PB 0x00000000c3c00000| Untracked 
|  61|0x00000000c3d00000, 0x00000000c3d00000, 0x00000000c3e00000|  0%| F|  |TAMS 0x00000000c3d00000| PB 0x00000000c3d00000| Untracked 
|  62|0x00000000c3e00000, 0x00000000c3e00000, 0x00000000c3f00000|  0%| F|  |TAMS 0x00000000c3e00000| PB 0x00000000c3e00000| Untracked 
|  63|0x00000000c3f00000, 0x00000000c3f00000, 0x00000000c4000000|  0%| F|  |TAMS 0x00000000c3f00000| PB 0x00000000c3f00000| Untracked 
|  64|0x00000000c4000000, 0x00000000c4000000, 0x00000000c4100000|  0%| F|  |TAMS 0x00000000c4000000| PB 0x00000000c4000000| Untracked 
|  65|0x00000000c4100000, 0x00000000c4100000, 0x00000000c4200000|  0%| F|  |TAMS 0x00000000c4100000| PB 0x00000000c4100000| Untracked 
|  66|0x00000000c4200000, 0x00000000c4200000, 0x00000000c4300000|  0%| F|  |TAMS 0x00000000c4200000| PB 0x00000000c4200000| Untracked 
|  67|0x00000000c4300000, 0x00000000c4300000, 0x00000000c4400000|  0%| F|  |TAMS 0x00000000c4300000| PB 0x00000000c4300000| Untracked 
|  68|0x00000000c4400000, 0x00000000c4400000, 0x00000000c4500000|  0%| F|  |TAMS 0x00000000c4400000| PB 0x00000000c4400000| Untracked 
|  69|0x00000000c4500000, 0x00000000c4500000, 0x00000000c4600000|  0%| F|  |TAMS 0x00000000c4500000| PB 0x00000000c4500000| Untracked 
|  70|0x00000000c4600000, 0x00000000c4600000, 0x00000000c4700000|  0%| F|  |TAMS 0x00000000c4600000| PB 0x00000000c4600000| Untracked 
|  71|0x00000000c4700000, 0x00000000c4700000, 0x00000000c4800000|  0%| F|  |TAMS 0x00000000c4700000| PB 0x00000000c4700000| Untracked 
|  72|0x00000000c4800000, 0x00000000c4800000, 0x00000000c4900000|  0%| F|  |TAMS 0x00000000c4800000| PB 0x00000000c4800000| Untracked 
|  73|0x00000000c4900000, 0x00000000c4900000, 0x00000000c4a00000|  0%| F|  |TAMS 0x00000000c4900000| PB 0x00000000c4900000| Untracked 
|  74|0x00000000c4a00000, 0x00000000c4a00000, 0x00000000c4b00000|  0%| F|  |TAMS 0x00000000c4a00000| PB 0x00000000c4a00000| Untracked 
|  75|0x00000000c4b00000, 0x00000000c4b00000, 0x00000000c4c00000|  0%| F|  |TAMS 0x00000000c4b00000| PB 0x00000000c4b00000| Untracked 
|  76|0x00000000c4c00000, 0x00000000c4c00000, 0x00000000c4d00000|  0%| F|  |TAMS 0x00000000c4c00000| PB 0x00000000c4c00000| Untracked 
|  77|0x00000000c4d00000, 0x00000000c4d00000, 0x00000000c4e00000|  0%| F|  |TAMS 0x00000000c4d00000| PB 0x00000000c4d00000| Untracked 
|  78|0x00000000c4e00000, 0x00000000c4e00000, 0x00000000c4f00000|  0%| F|  |TAMS 0x00000000c4e00000| PB 0x00000000c4e00000| Untracked 
|  79|0x00000000c4f00000, 0x00000000c4f00000, 0x00000000c5000000|  0%| F|  |TAMS 0x00000000c4f00000| PB 0x00000000c4f00000| Untracked 
|  80|0x00000000c5000000, 0x00000000c5100000, 0x00000000c5100000|100%| O|  |TAMS 0x00000000c5000000| PB 0x00000000c5000000| Untracked 
|  81|0x00000000c5100000, 0x00000000c5100000, 0x00000000c5200000|  0%| F|  |TAMS 0x00000000c5100000| PB 0x00000000c5100000| Untracked 
| 123|0x00000000c7b00000, 0x00000000c7b040c8, 0x00000000c7c00000|  1%| E|  |TAMS 0x00000000c7b00000| PB 0x00000000c7b00000| Complete 
| 127|0x00000000c7f00000, 0x00000000c8000000, 0x00000000c8000000|100%| O|  |TAMS 0x00000000c7f00000| PB 0x00000000c7f00000| Untracked 

Card table byte_map: [0x0000013ff2950000,0x0000013ff2b50000] _byte_map_base: 0x0000013ff2350000

Marking Bits: (CMBitMap*) 0x0000013fec787380
 Bits: [0x0000013ff2b50000, 0x0000013ff3b50000)

Polling page: 0x0000013fea550000

Metaspace:

Usage:
  Non-class:     47.29 MB used.
      Class:      6.76 MB used.
       Both:     54.05 MB used.

Virtual space:
  Non-class space:       64.00 MB reserved,      47.69 MB ( 75%) committed,  1 nodes.
      Class space:        1.00 GB reserved,       7.06 MB ( <1%) committed,  1 nodes.
             Both:        1.06 GB reserved,      54.75 MB (  5%) committed. 

Chunk freelists:
   Non-Class:  438.00 KB
       Class:  8.95 MB
        Both:  9.38 MB

MaxMetaspaceSize: unlimited
CompressedClassSpaceSize: 1.00 GB
Initial GC threshold: 21.00 MB
Current GC threshold: 91.19 MB
CDS: on
 - commit_granule_bytes: 65536.
 - commit_granule_words: 8192.
 - virtual_space_node_default_size: 8388608.
 - enlarge_chunks_in_place: 1.
 - use_allocation_guard: 0.


Internal statistics:

num_allocs_failed_limit: 9.
num_arena_births: 2072.
num_arena_deaths: 1318.
num_vsnodes_births: 2.
num_vsnodes_deaths: 0.
num_space_committed: 876.
num_space_uncommitted: 1.
num_chunks_returned_to_freelist: 1659.
num_chunks_taken_from_freelist: 4524.
num_chunk_merges: 259.
num_chunk_splits: 2443.
num_chunks_enlarged: 1769.
num_inconsistent_stats: 0.

CodeCache: size=49152Kb used=11352Kb max_used=11885Kb free=37799Kb
 bounds [0x0000013fef950000, 0x0000013ff0500000, 0x0000013ff2950000]
 total_blobs=6008, nmethods=5284, adapters=647, full_count=0
Compilation: enabled, stopped_count=0, restarted_count=0

Compilation events (20 events):
Event: 1429.010 Thread 0x0000013ff6000a50 nmethod 11173 0x0000013ff04c6090 code [0x0000013ff04c62e0, 0x0000013ff04c6878]
Event: 1429.012 Thread 0x0000013ff6000a50 11174       1       org.springframework.ide.vscode.boot.java.reconcilers.ImplicitWebAnnotationNamesReconciler::getParameterName (27 bytes)
Event: 1429.012 Thread 0x0000013ff6000a50 nmethod 11174 0x0000013ff04c5c10 code [0x0000013ff04c5dc0, 0x0000013ff04c5f50]
Event: 1429.136 Thread 0x0000013ff6000a50 11175       1       com.google.gson.internal.ConstructorConstructor::newUnsafeAllocator (52 bytes)
Event: 1429.137 Thread 0x0000013ff6000a50 nmethod 11175 0x0000013ff04c5310 code [0x0000013ff04c5540, 0x0000013ff04c59d8]
Event: 1429.137 Thread 0x0000013ff6000a50 11176       1       com.google.gson.internal.ConstructorConstructor$19::<init> (15 bytes)
Event: 1429.137 Thread 0x0000013ff6000a50 nmethod 11176 0x0000013ff04c4f90 code [0x0000013ff04c5120, 0x0000013ff04c5280]
Event: 1460.765 Thread 0x0000013ff6000a50 11177   !   1       java.lang.ref.Reference::processPendingReferences (118 bytes)
Event: 1460.766 Thread 0x0000013ff6000a50 nmethod 11177 0x0000013ff01af290 code [0x0000013ff01af4e0, 0x0000013ff01afbb8]
Event: 1474.656 Thread 0x0000013ff6000a50 11178       1       org.eclipse.jdt.core.compiler.CharOperation::occurencesOf (31 bytes)
Event: 1474.656 Thread 0x0000013ff6000a50 nmethod 11178 0x0000013fefa56510 code [0x0000013fefa566a0, 0x0000013fefa567a0]
Event: 1474.674 Thread 0x0000013ff6000a50 11179       1       org.eclipse.jdt.internal.compiler.lookup.ParameterizedTypeBinding::typeArguments (5 bytes)
Event: 1474.674 Thread 0x0000013ff6000a50 nmethod 11179 0x0000013fefab4710 code [0x0000013fefab48a0, 0x0000013fefab4968]
Event: 1474.683 Thread 0x0000013ff6000a50 11180       1       java.lang.invoke.MethodHandleImpl::makeIntrinsic (7 bytes)
Event: 1474.683 Thread 0x0000013ff6000a50 nmethod 11180 0x0000013fefb24590 code [0x0000013fefb24760, 0x0000013fefb24af0]
Event: 1474.683 Thread 0x0000013ff6000a50 11181       1       java.lang.invoke.MethodHandleImpl::makeIntrinsic (21 bytes)
Event: 1474.684 Thread 0x0000013ff6000a50 nmethod 11181 0x0000013fefdadb10 code [0x0000013fefdadce0, 0x0000013fefdae0a8]
Event: 1683.276 Thread 0x0000013ff6000a50 11182       1       org.springframework.ide.vscode.commons.languageserver.util.ParentProcessWatcher::isWindows (30 bytes)
Event: 1683.277 Thread 0x0000013ff6000a50 nmethod 11182 0x0000013fefdc6410 code [0x0000013fefdc6600, 0x0000013fefdc6820]
Event: 1683.535 Thread 0x0000013ff6000a50 11183   !   1       com.google.common.io.Closeables::close (37 bytes)

GC Heap History (20 events):
Event: 1574.405 GC heap after
{Heap after GC invocations=123 (full 76):
 garbage-first heap   total 86016K, used 38665K [0x00000000c0000000, 0x0000000100000000)
  region size 1024K, 0 young (0K), 0 survivors (0K)
 Metaspace       used 55344K, committed 56064K, reserved 1114112K
  class space    used 6917K, committed 7232K, reserved 1048576K
}
Event: 1586.415 GC heap before
{Heap before GC invocations=123 (full 76):
 garbage-first heap   total 86016K, used 38665K [0x00000000c0000000, 0x0000000100000000)
  region size 1024K, 1 young (1024K), 0 survivors (0K)
 Metaspace       used 55344K, committed 56064K, reserved 1114112K
  class space    used 6917K, committed 7232K, reserved 1048576K
}
Event: 1586.484 GC heap after
{Heap after GC invocations=124 (full 77):
 garbage-first heap   total 86016K, used 38665K [0x00000000c0000000, 0x0000000100000000)
  region size 1024K, 0 young (0K), 0 survivors (0K)
 Metaspace       used 55344K, committed 56064K, reserved 1114112K
  class space    used 6917K, committed 7232K, reserved 1048576K
}
Event: 1596.718 GC heap before
{Heap before GC invocations=124 (full 77):
 garbage-first heap   total 86016K, used 38665K [0x00000000c0000000, 0x0000000100000000)
  region size 1024K, 1 young (1024K), 0 survivors (0K)
 Metaspace       used 55344K, committed 56064K, reserved 1114112K
  class space    used 6917K, committed 7232K, reserved 1048576K
}
Event: 1596.782 GC heap after
{Heap after GC invocations=125 (full 78):
 garbage-first heap   total 86016K, used 38665K [0x00000000c0000000, 0x0000000100000000)
  region size 1024K, 0 young (0K), 0 survivors (0K)
 Metaspace       used 55344K, committed 56064K, reserved 1114112K
  class space    used 6917K, committed 7232K, reserved 1048576K
}
Event: 1607.208 GC heap before
{Heap before GC invocations=125 (full 78):
 garbage-first heap   total 86016K, used 38665K [0x00000000c0000000, 0x0000000100000000)
  region size 1024K, 1 young (1024K), 0 survivors (0K)
 Metaspace       used 55344K, committed 56064K, reserved 1114112K
  class space    used 6917K, committed 7232K, reserved 1048576K
}
Event: 1607.269 GC heap after
{Heap after GC invocations=126 (full 79):
 garbage-first heap   total 86016K, used 38665K [0x00000000c0000000, 0x0000000100000000)
  region size 1024K, 0 young (0K), 0 survivors (0K)
 Metaspace       used 55344K, committed 56064K, reserved 1114112K
  class space    used 6917K, committed 7232K, reserved 1048576K
}
Event: 1617.604 GC heap before
{Heap before GC invocations=126 (full 79):
 garbage-first heap   total 86016K, used 38665K [0x00000000c0000000, 0x0000000100000000)
  region size 1024K, 1 young (1024K), 0 survivors (0K)
 Metaspace       used 55344K, committed 56064K, reserved 1114112K
  class space    used 6917K, committed 7232K, reserved 1048576K
}
Event: 1617.664 GC heap after
{Heap after GC invocations=127 (full 80):
 garbage-first heap   total 86016K, used 38665K [0x00000000c0000000, 0x0000000100000000)
  region size 1024K, 0 young (0K), 0 survivors (0K)
 Metaspace       used 55344K, committed 56064K, reserved 1114112K
  class space    used 6917K, committed 7232K, reserved 1048576K
}
Event: 1628.210 GC heap before
{Heap before GC invocations=127 (full 80):
 garbage-first heap   total 86016K, used 38665K [0x00000000c0000000, 0x0000000100000000)
  region size 1024K, 1 young (1024K), 0 survivors (0K)
 Metaspace       used 55344K, committed 56064K, reserved 1114112K
  class space    used 6917K, committed 7232K, reserved 1048576K
}
Event: 1628.272 GC heap after
{Heap after GC invocations=128 (full 81):
 garbage-first heap   total 86016K, used 38665K [0x00000000c0000000, 0x0000000100000000)
  region size 1024K, 0 young (0K), 0 survivors (0K)
 Metaspace       used 55344K, committed 56064K, reserved 1114112K
  class space    used 6917K, committed 7232K, reserved 1048576K
}
Event: 1638.545 GC heap before
{Heap before GC invocations=128 (full 81):
 garbage-first heap   total 86016K, used 38665K [0x00000000c0000000, 0x0000000100000000)
  region size 1024K, 1 young (1024K), 0 survivors (0K)
 Metaspace       used 55344K, committed 56064K, reserved 1114112K
  class space    used 6917K, committed 7232K, reserved 1048576K
}
Event: 1638.600 GC heap after
{Heap after GC invocations=129 (full 82):
 garbage-first heap   total 86016K, used 38665K [0x00000000c0000000, 0x0000000100000000)
  region size 1024K, 0 young (0K), 0 survivors (0K)
 Metaspace       used 55344K, committed 56064K, reserved 1114112K
  class space    used 6917K, committed 7232K, reserved 1048576K
}
Event: 1648.815 GC heap before
{Heap before GC invocations=129 (full 82):
 garbage-first heap   total 86016K, used 38665K [0x00000000c0000000, 0x0000000100000000)
  region size 1024K, 1 young (1024K), 0 survivors (0K)
 Metaspace       used 55344K, committed 56064K, reserved 1114112K
  class space    used 6917K, committed 7232K, reserved 1048576K
}
Event: 1648.875 GC heap after
{Heap after GC invocations=130 (full 83):
 garbage-first heap   total 86016K, used 38665K [0x00000000c0000000, 0x0000000100000000)
  region size 1024K, 0 young (0K), 0 survivors (0K)
 Metaspace       used 55344K, committed 56064K, reserved 1114112K
  class space    used 6917K, committed 7232K, reserved 1048576K
}
Event: 1662.799 GC heap before
{Heap before GC invocations=130 (full 83):
 garbage-first heap   total 86016K, used 38665K [0x00000000c0000000, 0x0000000100000000)
  region size 1024K, 1 young (1024K), 0 survivors (0K)
 Metaspace       used 55344K, committed 56064K, reserved 1114112K
  class space    used 6917K, committed 7232K, reserved 1048576K
}
Event: 1662.862 GC heap after
{Heap after GC invocations=131 (full 84):
 garbage-first heap   total 86016K, used 38665K [0x00000000c0000000, 0x0000000100000000)
  region size 1024K, 0 young (0K), 0 survivors (0K)
 Metaspace       used 55344K, committed 56064K, reserved 1114112K
  class space    used 6917K, committed 7232K, reserved 1048576K
}
Event: 1673.190 GC heap before
{Heap before GC invocations=131 (full 84):
 garbage-first heap   total 86016K, used 38665K [0x00000000c0000000, 0x0000000100000000)
  region size 1024K, 1 young (1024K), 0 survivors (0K)
 Metaspace       used 55344K, committed 56064K, reserved 1114112K
  class space    used 6917K, committed 7232K, reserved 1048576K
}
Event: 1673.265 GC heap after
{Heap after GC invocations=132 (full 85):
 garbage-first heap   total 86016K, used 38665K [0x00000000c0000000, 0x0000000100000000)
  region size 1024K, 0 young (0K), 0 survivors (0K)
 Metaspace       used 55344K, committed 56064K, reserved 1114112K
  class space    used 6917K, committed 7232K, reserved 1048576K
}
Event: 1683.535 GC heap before
{Heap before GC invocations=132 (full 85):
 garbage-first heap   total 86016K, used 38665K [0x00000000c0000000, 0x0000000100000000)
  region size 1024K, 1 young (1024K), 0 survivors (0K)
 Metaspace       used 55344K, committed 56064K, reserved 1114112K
  class space    used 6917K, committed 7232K, reserved 1048576K
}

Dll operation events (11 events):
Event: 0.017 Loaded shared library c:\Users\shop souf\.vscode\extensions\redhat.java-1.52.0-win32-x64\jre\21.0.9-win32-x86_64\bin\java.dll
Event: 0.530 Loaded shared library c:\Users\shop souf\.vscode\extensions\redhat.java-1.52.0-win32-x64\jre\21.0.9-win32-x86_64\bin\zip.dll
Event: 0.559 Loaded shared library C:\Users\shop souf\.vscode\extensions\redhat.java-1.52.0-win32-x64\jre\21.0.9-win32-x86_64\bin\net.dll
Event: 0.562 Loaded shared library C:\Users\shop souf\.vscode\extensions\redhat.java-1.52.0-win32-x64\jre\21.0.9-win32-x86_64\bin\nio.dll
Event: 0.572 Loaded shared library C:\Users\shop souf\.vscode\extensions\redhat.java-1.52.0-win32-x64\jre\21.0.9-win32-x86_64\bin\zip.dll
Event: 2.548 Loaded shared library C:\Users\shop souf\.vscode\extensions\redhat.java-1.52.0-win32-x64\jre\21.0.9-win32-x86_64\bin\jimage.dll
Event: 13.442 Loaded shared library c:\Users\shop souf\.vscode\extensions\redhat.java-1.52.0-win32-x64\jre\21.0.9-win32-x86_64\bin\verify.dll
Event: 17.773 Loaded shared library C:\Users\shop souf\.vscode\extensions\redhat.java-1.52.0-win32-x64\jre\21.0.9-win32-x86_64\bin\management.dll
Event: 17.779 Loaded shared library C:\Users\shop souf\.vscode\extensions\redhat.java-1.52.0-win32-x64\jre\21.0.9-win32-x86_64\bin\management_ext.dll
Event: 20.745 Loaded shared library C:\Users\shop souf\.vscode\extensions\redhat.java-1.52.0-win32-x64\jre\21.0.9-win32-x86_64\bin\sunmscapi.dll
Event: 21.193 Loaded shared library C:\Users\shop souf\.vscode\extensions\redhat.java-1.52.0-win32-x64\jre\21.0.9-win32-x86_64\bin\extnet.dll

Deoptimization events (10 events):
Event: 20.488 Thread 0x0000013ffbdf10a0 DEOPT PACKING pc=0x0000013ff0089474 sp=0x0000000312bfefd0
Event: 20.488 Thread 0x0000013ffbdf10a0 DEOPT UNPACKING pc=0x0000013fef9a4bc2 sp=0x0000000312bfe4b8 mode 0
Event: 20.488 Thread 0x0000013ffbdf1730 DEOPT PACKING pc=0x0000013ff0089474 sp=0x0000000312cff1c0
Event: 20.489 Thread 0x0000013ffbdf1730 DEOPT UNPACKING pc=0x0000013fef9a4bc2 sp=0x0000000312cfe6a8 mode 0
Event: 20.510 Thread 0x0000013ffbee8aa0 DEOPT PACKING pc=0x0000013ff0089474 sp=0x00000003130ff170
Event: 20.510 Thread 0x0000013ffbee8aa0 DEOPT UNPACKING pc=0x0000013fef9a4bc2 sp=0x00000003130fe658 mode 0
Event: 20.864 Thread 0x0000013ffbee9130 DEOPT PACKING pc=0x0000013ff017e864 sp=0x00000003132faec0
Event: 20.864 Thread 0x0000013ffbee9130 DEOPT UNPACKING pc=0x0000013fef9a4bc2 sp=0x00000003132fa388 mode 0
Event: 435.416 Thread 0x0000013ffbbbe690 DEOPT PACKING pc=0x0000013feffa3d5c sp=0x00000003121fefe0
Event: 435.416 Thread 0x0000013ffbbbe690 DEOPT UNPACKING pc=0x0000013fef9a4bc2 sp=0x00000003121fe498 mode 0

Classes loaded (20 events):
Event: 848.441 Loading class java/util/stream/Nodes$IntFixedNodeBuilder
Event: 848.441 Loading class java/util/stream/Node$Builder$OfInt
Event: 848.441 Loading class java/util/stream/Node$Builder$OfInt done
Event: 848.441 Loading class java/util/stream/Nodes$IntArrayNode
Event: 848.441 Loading class java/util/stream/Nodes$IntArrayNode done
Event: 848.441 Loading class java/util/stream/Nodes$IntFixedNodeBuilder done
Event: 848.441 Loading class java/util/stream/ReferencePipeline$4$1
Event: 848.442 Loading class java/util/stream/ReferencePipeline$4$1 done
Event: 1315.213 Loading class java/util/Spliterators$IntArraySpliterator
Event: 1315.213 Loading class java/util/Spliterators$IntArraySpliterator done
Event: 1315.215 Loading class java/util/stream/Nodes$IntSpinedNodeBuilder
Event: 1315.218 Loading class java/util/stream/SpinedBuffer$OfInt
Event: 1315.218 Loading class java/util/stream/SpinedBuffer$OfPrimitive
Event: 1315.218 Loading class java/util/stream/SpinedBuffer$OfPrimitive done
Event: 1315.219 Loading class java/util/stream/SpinedBuffer$OfInt done
Event: 1315.219 Loading class java/util/stream/Nodes$IntSpinedNodeBuilder done
Event: 1366.217 Loading class java/util/concurrent/ConcurrentHashMap$TreeNode
Event: 1366.218 Loading class java/util/concurrent/ConcurrentHashMap$TreeNode done
Event: 1366.218 Loading class java/util/concurrent/ConcurrentHashMap$TreeBin
Event: 1366.218 Loading class java/util/concurrent/ConcurrentHashMap$TreeBin done

Classes unloaded (20 events):
Event: 1563.454 Thread 0x0000013ff5fd7680 Unloading class 0x0000013f814e8800 'java/lang/invoke/LambdaForm$DMH+0x0000013f814e8800'
Event: 1563.454 Thread 0x0000013ff5fd7680 Unloading class 0x0000013f81495000 'java/lang/invoke/LambdaForm$DMH+0x0000013f81495000'
Event: 1563.454 Thread 0x0000013ff5fd7680 Unloading class 0x0000013f814f2400 'java/lang/invoke/LambdaForm$MH+0x0000013f814f2400'
Event: 1563.454 Thread 0x0000013ff5fd7680 Unloading class 0x0000013f81019400 'java/lang/invoke/LambdaForm$MH+0x0000013f81019400'
Event: 1563.454 Thread 0x0000013ff5fd7680 Unloading class 0x0000013f81181c00 'java/lang/invoke/LambdaForm$MH+0x0000013f81181c00'
Event: 1563.454 Thread 0x0000013ff5fd7680 Unloading class 0x0000013f813e8c00 'java/lang/invoke/LambdaForm$MH+0x0000013f813e8c00'
Event: 1563.454 Thread 0x0000013ff5fd7680 Unloading class 0x0000013f812fb400 'java/lang/invoke/LambdaForm$MH+0x0000013f812fb400'
Event: 1563.454 Thread 0x0000013ff5fd7680 Unloading class 0x0000013f8126c400 'java/lang/invoke/LambdaForm$MH+0x0000013f8126c400'
Event: 1563.454 Thread 0x0000013ff5fd7680 Unloading class 0x0000013f8138a400 'java/lang/invoke/LambdaForm$MH+0x0000013f8138a400'
Event: 1563.454 Thread 0x0000013ff5fd7680 Unloading class 0x0000013f81704000 'java/lang/invoke/LambdaForm$MH+0x0000013f81704000'
Event: 1563.454 Thread 0x0000013ff5fd7680 Unloading class 0x0000013f812fd400 'java/lang/invoke/LambdaForm$BMH+0x0000013f812fd400'
Event: 1563.454 Thread 0x0000013ff5fd7680 Unloading class 0x0000013f810dcc00 'java/lang/invoke/LambdaForm$DMH+0x0000013f810dcc00'
Event: 1563.454 Thread 0x0000013ff5fd7680 Unloading class 0x0000013f8101a800 'java/lang/invoke/LambdaForm$MH+0x0000013f8101a800'
Event: 1563.454 Thread 0x0000013ff5fd7680 Unloading class 0x0000013f81010800 'java/lang/invoke/LambdaForm$MH+0x0000013f81010800'
Event: 1563.454 Thread 0x0000013ff5fd7680 Unloading class 0x0000013f81700800 'java/lang/invoke/LambdaForm$MH+0x0000013f81700800'
Event: 1563.454 Thread 0x0000013ff5fd7680 Unloading class 0x0000013f81395400 'java/lang/invoke/LambdaForm$MH+0x0000013f81395400'
Event: 1563.454 Thread 0x0000013ff5fd7680 Unloading class 0x0000013f81706400 'java/lang/invoke/LambdaForm$MH+0x0000013f81706400'
Event: 1563.454 Thread 0x0000013ff5fd7680 Unloading class 0x0000013f81716400 'java/lang/invoke/LambdaForm$MH+0x0000013f81716400'
Event: 1563.454 Thread 0x0000013ff5fd7680 Unloading class 0x0000013f81718800 'java/lang/invoke/LambdaForm$MH+0x0000013f81718800'
Event: 1563.454 Thread 0x0000013ff5fd7680 Unloading class 0x0000013f81719400 'java/lang/invoke/LambdaForm$MH+0x0000013f81719400'

Classes redefined (0 events):
No events

Internal exceptions (20 events):
Event: 931.024 Thread 0x0000013ffbeec5b0 Exception <a 'java/lang/NoSuchMethodError'{0x00000000c50e9418}: 'java.lang.Object java.lang.invoke.DelegatingMethodHandle$Holder.reinvoke_L(java.lang.Object, java.lang.Object, java.lang.Object, int, java.lang.Object, int, java.lang.Object, java.lang.Object, int, java.lang.Object, int)'> (0x00000000c50e9418) 
thrown [s\src\hotspot\share\interpreter\linkResolver.cpp, line 773]
Event: 939.258 Thread 0x0000013ffbdf0380 Exception <a 'java/lang/NoSuchMethodError'{0x00000000c42de9e0}: 'long java.lang.invoke.DelegatingMethodHandle$Holder.reinvoke_L(java.lang.Object, java.lang.Object)'> (0x00000000c42de9e0) 
thrown [s\src\hotspot\share\interpreter\linkResolver.cpp, line 773]
Event: 939.259 Thread 0x0000013ffbdf0380 Exception <a 'java/lang/NoSuchMethodError'{0x00000000c42e5090}: 'void java.lang.invoke.DelegatingMethodHandle$Holder.reinvoke_L(java.lang.Object, java.lang.Object, long)'> (0x00000000c42e5090) 
thrown [s\src\hotspot\share\interpreter\linkResolver.cpp, line 773]
Event: 1085.525 Thread 0x0000013ffbee76f0 Exception <a 'java/lang/NoSuchMethodError'{0x00000000c4f8cc58}: 'java.lang.Object java.lang.invoke.DirectMethodHandle$Holder.newInvokeSpecial(java.lang.Object, java.lang.Object, java.lang.Object, java.lang.Object, java.lang.Object, java.lang.Object, java.lang.Object, int)'> (0x00000000c4f8cc58) 
thrown [s\src\hotspot\share\interpreter\linkResolver.cpp, line 773]
Event: 1085.525 Thread 0x0000013ffbee76f0 Exception <a 'java/lang/NoSuchMethodError'{0x00000000c4f90950}: 'java.lang.Object java.lang.invoke.DelegatingMethodHandle$Holder.reinvoke_L(java.lang.Object, java.lang.Object, java.lang.Object, java.lang.Object, java.lang.Object, java.lang.Object, java.lang.Object, int)'> (0x00000000c4f90950) 
thrown [s\src\hotspot\share\interpreter\linkResolver.cpp, line 773]
Event: 1085.532 Thread 0x0000013ffbee76f0 Exception <a 'java/lang/NoSuchMethodError'{0x00000000c4fd8ab8}: 'java.lang.Object java.lang.invoke.DelegatingMethodHandle$Holder.reinvoke_L(java.lang.Object, java.lang.Object, java.lang.Object, java.lang.Object, java.lang.Object, int, int, int)'> (0x00000000c4fd8ab8) 
thrown [s\src\hotspot\share\interpreter\linkResolver.cpp, line 773]
Event: 1085.631 Thread 0x0000013ffbee76f0 Exception <a 'java/lang/NoSuchMethodError'{0x00000000c41c0138}: 'void java.lang.invoke.DelegatingMethodHandle$Holder.reinvoke_L(java.lang.Object, java.lang.Object, int)'> (0x00000000c41c0138) 
thrown [s\src\hotspot\share\interpreter\linkResolver.cpp, line 773]
Event: 1085.647 Thread 0x0000013ffbee76f0 Exception <a 'java/lang/NoSuchMethodError'{0x00000000c41cf808}: 'java.lang.Object java.lang.invoke.DelegatingMethodHandle$Holder.reinvoke_L(java.lang.Object, java.lang.Object, java.lang.Object, int, java.lang.Object, int, java.lang.Object, java.lang.Object, int, java.lang.Object, int)'> (0x00000000c41cf808) 
thrown [s\src\hotspot\share\interpreter\linkResolver.cpp, line 773]
Event: 1111.544 Thread 0x0000013ffbdf0380 Exception <a 'java/lang/NoSuchMethodError'{0x00000000c33d55e8}: 'long java.lang.invoke.DelegatingMethodHandle$Holder.reinvoke_L(java.lang.Object, java.lang.Object)'> (0x00000000c33d55e8) 
thrown [s\src\hotspot\share\interpreter\linkResolver.cpp, line 773]
Event: 1111.545 Thread 0x0000013ffbdf0380 Exception <a 'java/lang/NoSuchMethodError'{0x00000000c33dbc98}: 'void java.lang.invoke.DelegatingMethodHandle$Holder.reinvoke_L(java.lang.Object, java.lang.Object, long)'> (0x00000000c33dbc98) 
thrown [s\src\hotspot\share\interpreter\linkResolver.cpp, line 773]
Event: 1209.046 Thread 0x0000013ffbee7060 Exception <a 'java/lang/NoSuchMethodError'{0x00000000c7b4c008}: 'void java.lang.invoke.DelegatingMethodHandle$Holder.reinvoke_L(java.lang.Object, java.lang.Object, int)'> (0x00000000c7b4c008) 
thrown [s\src\hotspot\share\interpreter\linkResolver.cpp, line 773]
Event: 1330.982 Thread 0x0000013ffbdf0380 Exception <a 'java/lang/NoSuchMethodError'{0x00000000c3f57338}: 'long java.lang.invoke.DelegatingMethodHandle$Holder.reinvoke_L(java.lang.Object, java.lang.Object)'> (0x00000000c3f57338) 
thrown [s\src\hotspot\share\interpreter\linkResolver.cpp, line 773]
Event: 1330.983 Thread 0x0000013ffbdf0380 Exception <a 'java/lang/NoSuchMethodError'{0x00000000c3f5d9e8}: 'void java.lang.invoke.DelegatingMethodHandle$Holder.reinvoke_L(java.lang.Object, java.lang.Object, long)'> (0x00000000c3f5d9e8) 
thrown [s\src\hotspot\share\interpreter\linkResolver.cpp, line 773]
Event: 1330.984 Thread 0x0000013ffbdf0380 Exception <a 'java/lang/NoSuchMethodError'{0x00000000c3f6dc38}: 'void java.lang.invoke.DelegatingMethodHandle$Holder.reinvoke_L(java.lang.Object, java.lang.Object, int)'> (0x00000000c3f6dc38) 
thrown [s\src\hotspot\share\interpreter\linkResolver.cpp, line 773]
Event: 1426.337 Thread 0x0000013ffbee76f0 Exception <a 'java/lang/NoSuchMethodError'{0x00000000c4b0ceb0}: 'void java.lang.invoke.DirectMethodHandle$Holder.invokeStatic(java.lang.Object, int, java.lang.Object)'> (0x00000000c4b0ceb0) 
thrown [s\src\hotspot\share\interpreter\linkResolver.cpp, line 773]
Event: 1474.562 Thread 0x0000013ffbee76f0 Exception <a 'java/lang/NoSuchMethodError'{0x00000000c4f8ed00}: 'java.lang.Object java.lang.invoke.DirectMethodHandle$Holder.newInvokeSpecial(java.lang.Object, java.lang.Object, java.lang.Object, java.lang.Object, java.lang.Object, java.lang.Object, java.lang.Object, int)'> (0x00000000c4f8ed00) 
thrown [s\src\hotspot\share\interpreter\linkResolver.cpp, line 773]
Event: 1474.563 Thread 0x0000013ffbee76f0 Exception <a 'java/lang/NoSuchMethodError'{0x00000000c4f929f8}: 'java.lang.Object java.lang.invoke.DelegatingMethodHandle$Holder.reinvoke_L(java.lang.Object, java.lang.Object, java.lang.Object, java.lang.Object, java.lang.Object, java.lang.Object, java.lang.Object, int)'> (0x00000000c4f929f8) 
thrown [s\src\hotspot\share\interpreter\linkResolver.cpp, line 773]
Event: 1474.566 Thread 0x0000013ffbee76f0 Exception <a 'java/lang/NoSuchMethodError'{0x00000000c4fdab00}: 'java.lang.Object java.lang.invoke.DelegatingMethodHandle$Holder.reinvoke_L(java.lang.Object, java.lang.Object, java.lang.Object, java.lang.Object, java.lang.Object, int, int, int)'> (0x00000000c4fdab00) 
thrown [s\src\hotspot\share\interpreter\linkResolver.cpp, line 773]
Event: 1474.677 Thread 0x0000013ffbee76f0 Exception <a 'java/lang/NoSuchMethodError'{0x00000000c40bfe58}: 'void java.lang.invoke.DelegatingMethodHandle$Holder.reinvoke_L(java.lang.Object, java.lang.Object, int)'> (0x00000000c40bfe58) 
thrown [s\src\hotspot\share\interpreter\linkResolver.cpp, line 773]
Event: 1474.679 Thread 0x0000013ffbee76f0 Exception <a 'java/lang/NoSuchMethodError'{0x00000000c40cf528}: 'java.lang.Object java.lang.invoke.DelegatingMethodHandle$Holder.reinvoke_L(java.lang.Object, java.lang.Object, java.lang.Object, int, java.lang.Object, int, java.lang.Object, java.lang.Object, int, java.lang.Object, int)'> (0x00000000c40cf528) 
thrown [s\src\hotspot\share\interpreter\linkResolver.cpp, line 773]

ZGC Phase Switch (0 events):
No events

VM Operations (20 events):
Event: 1574.405 Executing VM operation: G1CollectFull (System.gc()) done
Event: 1586.415 Executing VM operation: G1CollectFull (System.gc())
Event: 1586.484 Executing VM operation: G1CollectFull (System.gc()) done
Event: 1596.718 Executing VM operation: G1CollectFull (System.gc())
Event: 1596.782 Executing VM operation: G1CollectFull (System.gc()) done
Event: 1607.208 Executing VM operation: G1CollectFull (System.gc())
Event: 1607.269 Executing VM operation: G1CollectFull (System.gc()) done
Event: 1617.604 Executing VM operation: G1CollectFull (System.gc())
Event: 1617.664 Executing VM operation: G1CollectFull (System.gc()) done
Event: 1628.210 Executing VM operation: G1CollectFull (System.gc())
Event: 1628.272 Executing VM operation: G1CollectFull (System.gc()) done
Event: 1638.545 Executing VM operation: G1CollectFull (System.gc())
Event: 1638.600 Executing VM operation: G1CollectFull (System.gc()) done
Event: 1648.815 Executing VM operation: G1CollectFull (System.gc())
Event: 1648.875 Executing VM operation: G1CollectFull (System.gc()) done
Event: 1662.799 Executing VM operation: G1CollectFull (System.gc())
Event: 1662.862 Executing VM operation: G1CollectFull (System.gc()) done
Event: 1673.190 Executing VM operation: G1CollectFull (System.gc())
Event: 1673.265 Executing VM operation: G1CollectFull (System.gc()) done
Event: 1683.535 Executing VM operation: G1CollectFull (System.gc())

Memory protections (0 events):
No events

Nmethod flushes (20 events):
Event: 1460.749 Thread 0x0000013ff5fd7680 flushing  nmethod 0x0000013ff034f990
Event: 1460.749 Thread 0x0000013ff5fd7680 flushing  nmethod 0x0000013ff036c210
Event: 1460.749 Thread 0x0000013ff5fd7680 flushing  nmethod 0x0000013ff036c510
Event: 1460.749 Thread 0x0000013ff5fd7680 flushing  nmethod 0x0000013ff0387190
Event: 1460.749 Thread 0x0000013ff5fd7680 flushing  nmethod 0x0000013ff03e2d10
Event: 1460.749 Thread 0x0000013ff5fd7680 flushing  nmethod 0x0000013ff0401390
Event: 1460.749 Thread 0x0000013ff5fd7680 flushing  nmethod 0x0000013ff0401710
Event: 1460.749 Thread 0x0000013ff5fd7680 flushing  nmethod 0x0000013ff0401a90
Event: 1460.749 Thread 0x0000013ff5fd7680 flushing  nmethod 0x0000013ff0402e10
Event: 1460.749 Thread 0x0000013ff5fd7680 flushing  nmethod 0x0000013ff0403d10
Event: 1460.749 Thread 0x0000013ff5fd7680 flushing  nmethod 0x0000013ff0412090
Event: 1460.749 Thread 0x0000013ff5fd7680 flushing  nmethod 0x0000013ff0412490
Event: 1460.749 Thread 0x0000013ff5fd7680 flushing  nmethod 0x0000013ff0413990
Event: 1460.749 Thread 0x0000013ff5fd7680 flushing  nmethod 0x0000013ff0413d10
Event: 1460.749 Thread 0x0000013ff5fd7680 flushing  nmethod 0x0000013ff0416390
Event: 1471.152 Thread 0x0000013ff5fd7680 flushing  nmethod 0x0000013ff0222410
Event: 1471.152 Thread 0x0000013ff5fd7680 flushing  nmethod 0x0000013fefcd8310
Event: 1471.153 Thread 0x0000013ff5fd7680 flushing  nmethod 0x0000013fefed4710
Event: 1471.153 Thread 0x0000013ff5fd7680 flushing  nmethod 0x0000013ff0168c10
Event: 1471.153 Thread 0x0000013ff5fd7680 flushing  nmethod 0x0000013ff0463190

Events (20 events):
Event: 1263.986 Thread 0x0000013ff6000a50 Thread added: 0x0000013ffcf61ff0
Event: 1270.323 Thread 0x0000013ffcf61ff0 Thread exited: 0x0000013ffcf61ff0
Event: 1273.577 Thread 0x0000013ffbee7060 Thread exited: 0x0000013ffbee7060
Event: 1284.474 Thread 0x0000013ffbbbe690 Thread added: 0x0000013ffbee7060
Event: 1298.081 Thread 0x0000013ffbeedff0 Thread exited: 0x0000013ffbeedff0
Event: 1315.233 Thread 0x0000013ff6000a50 Thread added: 0x0000013ffb7eb6e0
Event: 1319.689 Thread 0x0000013ffb7eb6e0 Thread exited: 0x0000013ffb7eb6e0
Event: 1330.788 Thread 0x0000013ffbbbe690 Thread added: 0x0000013ffbeeab70
Event: 1366.302 Thread 0x0000013ff6000a50 Thread added: 0x0000013ffd673390
Event: 1375.248 Thread 0x0000013ffd673390 Thread exited: 0x0000013ffd673390
Event: 1390.965 Thread 0x0000013ffbeeab70 Thread exited: 0x0000013ffbeeab70
Event: 1393.209 Thread 0x0000013ffbbbe690 Thread added: 0x0000013ffbeeab70
Event: 1426.334 Thread 0x0000013ffbbbe690 Thread added: 0x0000013ffbeec5b0
Event: 1453.225 Thread 0x0000013ffbeeab70 Thread exited: 0x0000013ffbeeab70
Event: 1486.415 Thread 0x0000013ffbee7060 Thread exited: 0x0000013ffbee7060
Event: 1486.884 Thread 0x0000013ffbeec5b0 Thread exited: 0x0000013ffbeec5b0
Event: 1489.435 Thread 0x0000013ffbeebf20 Thread exited: 0x0000013ffbeebf20
Event: 1534.713 Thread 0x0000013ffbee76f0 Thread exited: 0x0000013ffbee76f0
Event: 1549.439 Thread 0x0000013ffbeea4e0 Thread exited: 0x0000013ffbeea4e0
Event: 1588.543 Thread 0x0000013ffbeeb200 Thread exited: 0x0000013ffbeeb200


Dynamic libraries:
0x00007ff6e37f0000 - 0x00007ff6e37fe000 	c:\Users\shop souf\.vscode\extensions\redhat.java-1.52.0-win32-x64\jre\21.0.9-win32-x86_64\bin\java.exe
0x00007ffc3ff90000 - 0x00007ffc40188000 	C:\Windows\SYSTEM32\ntdll.dll
0x00007ffc3fe80000 - 0x00007ffc3ff42000 	C:\Windows\System32\KERNEL32.DLL
0x00007ffc3d650000 - 0x00007ffc3d946000 	C:\Windows\System32\KERNELBASE.dll
0x00007ffc3d950000 - 0x00007ffc3da50000 	C:\Windows\System32\ucrtbase.dll
0x00007ffc1c8d0000 - 0x00007ffc1c8e8000 	c:\Users\shop souf\.vscode\extensions\redhat.java-1.52.0-win32-x64\jre\21.0.9-win32-x86_64\bin\jli.dll
0x00007ffc1c840000 - 0x00007ffc1c85e000 	c:\Users\shop souf\.vscode\extensions\redhat.java-1.52.0-win32-x64\jre\21.0.9-win32-x86_64\bin\VCRUNTIME140.dll
0x00007ffc3fbe0000 - 0x00007ffc3fd81000 	C:\Windows\System32\USER32.dll
0x00007ffc3d620000 - 0x00007ffc3d642000 	C:\Windows\System32\win32u.dll
0x00007ffc2cdf0000 - 0x00007ffc2d08b000 	C:\Windows\WinSxS\amd64_microsoft.windows.common-controls_6595b64144ccf1df_6.0.19041.6456_none_60b8a6cb71f64256\COMCTL32.dll
0x00007ffc3e9b0000 - 0x00007ffc3e9db000 	C:\Windows\System32\GDI32.dll
0x00007ffc3dcb0000 - 0x00007ffc3ddc9000 	C:\Windows\System32\gdi32full.dll
0x00007ffc3f970000 - 0x00007ffc3fa0e000 	C:\Windows\System32\msvcrt.dll
0x00007ffc3da50000 - 0x00007ffc3daed000 	C:\Windows\System32\msvcp_win.dll
0x00007ffc3f850000 - 0x00007ffc3f87f000 	C:\Windows\System32\IMM32.DLL
0x00007ffc310e0000 - 0x00007ffc310ec000 	c:\Users\shop souf\.vscode\extensions\redhat.java-1.52.0-win32-x64\jre\21.0.9-win32-x86_64\bin\vcruntime140_1.dll
0x00007ffbfe900000 - 0x00007ffbfe98d000 	c:\Users\shop souf\.vscode\extensions\redhat.java-1.52.0-win32-x64\jre\21.0.9-win32-x86_64\bin\msvcp140.dll
0x00007ffbd86f0000 - 0x00007ffbd9490000 	c:\Users\shop souf\.vscode\extensions\redhat.java-1.52.0-win32-x64\jre\21.0.9-win32-x86_64\bin\server\jvm.dll
0x00007ffc3f710000 - 0x00007ffc3f7c1000 	C:\Windows\System32\ADVAPI32.dll
0x00007ffc3eaf0000 - 0x00007ffc3eb8f000 	C:\Windows\System32\sechost.dll
0x00007ffc3ecb0000 - 0x00007ffc3edd0000 	C:\Windows\System32\RPCRT4.dll
0x00007ffc3daf0000 - 0x00007ffc3db17000 	C:\Windows\System32\bcrypt.dll
0x00007ffc3f7e0000 - 0x00007ffc3f84b000 	C:\Windows\System32\WS2_32.dll
0x00007ffc3cb60000 - 0x00007ffc3cbab000 	C:\Windows\SYSTEM32\POWRPROF.dll
0x00007ffc2de10000 - 0x00007ffc2de37000 	C:\Windows\SYSTEM32\WINMM.dll
0x00007ffc2c930000 - 0x00007ffc2c93a000 	C:\Windows\SYSTEM32\VERSION.dll
0x00007ffc3ca20000 - 0x00007ffc3ca32000 	C:\Windows\SYSTEM32\UMPDC.dll
0x00007ffc3b3b0000 - 0x00007ffc3b3c2000 	C:\Windows\SYSTEM32\kernel.appcore.dll
0x00007ffc30fa0000 - 0x00007ffc30faa000 	c:\Users\shop souf\.vscode\extensions\redhat.java-1.52.0-win32-x64\jre\21.0.9-win32-x86_64\bin\jimage.dll
0x00007ffc2b290000 - 0x00007ffc2b491000 	C:\Windows\SYSTEM32\DBGHELP.DLL
0x00007ffc17a00000 - 0x00007ffc17a34000 	C:\Windows\SYSTEM32\dbgcore.DLL
0x00007ffc3db20000 - 0x00007ffc3dba2000 	C:\Windows\System32\bcryptPrimitives.dll
0x00007ffc1c4a0000 - 0x00007ffc1c4c0000 	c:\Users\shop souf\.vscode\extensions\redhat.java-1.52.0-win32-x64\jre\21.0.9-win32-x86_64\bin\java.dll
0x00007ffc3dfc0000 - 0x00007ffc3e730000 	C:\Windows\System32\SHELL32.dll
0x00007ffc3b690000 - 0x00007ffc3be35000 	C:\Windows\SYSTEM32\windows.storage.dll
0x00007ffc3ee80000 - 0x00007ffc3f1d4000 	C:\Windows\System32\combase.dll
0x00007ffc3d050000 - 0x00007ffc3d07b000 	C:\Windows\SYSTEM32\Wldp.dll
0x00007ffc3e730000 - 0x00007ffc3e7fd000 	C:\Windows\System32\OLEAUT32.dll
0x00007ffc3edd0000 - 0x00007ffc3ee7d000 	C:\Windows\System32\SHCORE.dll
0x00007ffc3f6b0000 - 0x00007ffc3f70b000 	C:\Windows\System32\shlwapi.dll
0x00007ffc3d550000 - 0x00007ffc3d574000 	C:\Windows\SYSTEM32\profapi.dll
0x00007ffc1c270000 - 0x00007ffc1c288000 	c:\Users\shop souf\.vscode\extensions\redhat.java-1.52.0-win32-x64\jre\21.0.9-win32-x86_64\bin\zip.dll
0x00007ffc1f160000 - 0x00007ffc1f170000 	C:\Users\shop souf\.vscode\extensions\redhat.java-1.52.0-win32-x64\jre\21.0.9-win32-x86_64\bin\net.dll
0x00007ffc33bf0000 - 0x00007ffc33cfa000 	C:\Windows\SYSTEM32\WINHTTP.dll
0x00007ffc3cdb0000 - 0x00007ffc3ce1a000 	C:\Windows\system32\mswsock.dll
0x00007ffc1bdc0000 - 0x00007ffc1bdd6000 	C:\Users\shop souf\.vscode\extensions\redhat.java-1.52.0-win32-x64\jre\21.0.9-win32-x86_64\bin\nio.dll
0x00007ffc1e8b0000 - 0x00007ffc1e8c0000 	c:\Users\shop souf\.vscode\extensions\redhat.java-1.52.0-win32-x64\jre\21.0.9-win32-x86_64\bin\verify.dll
0x00007ffc3cfb0000 - 0x00007ffc3cfc8000 	C:\Windows\SYSTEM32\CRYPTSP.dll
0x00007ffc3c660000 - 0x00007ffc3c698000 	C:\Windows\system32\rsaenh.dll
0x00007ffc3d4d0000 - 0x00007ffc3d4fe000 	C:\Windows\SYSTEM32\USERENV.dll
0x00007ffc3cfa0000 - 0x00007ffc3cfac000 	C:\Windows\SYSTEM32\CRYPTBASE.dll
0x00007ffc3ca40000 - 0x00007ffc3ca7b000 	C:\Windows\SYSTEM32\IPHLPAPI.DLL
0x00007ffc3fe70000 - 0x00007ffc3fe78000 	C:\Windows\System32\NSI.dll
0x00007ffc39500000 - 0x00007ffc3950a000 	C:\Users\shop souf\.vscode\extensions\redhat.java-1.52.0-win32-x64\jre\21.0.9-win32-x86_64\bin\management.dll
0x00007ffc37030000 - 0x00007ffc3703c000 	C:\Users\shop souf\.vscode\extensions\redhat.java-1.52.0-win32-x64\jre\21.0.9-win32-x86_64\bin\management_ext.dll
0x00007ffc3f7d0000 - 0x00007ffc3f7d8000 	C:\Windows\System32\PSAPI.DLL
0x00007ffc1cbd0000 - 0x00007ffc1cbde000 	C:\Users\shop souf\.vscode\extensions\redhat.java-1.52.0-win32-x64\jre\21.0.9-win32-x86_64\bin\sunmscapi.dll
0x00007ffc3ddd0000 - 0x00007ffc3df2d000 	C:\Windows\System32\CRYPT32.dll
0x00007ffc3d0c0000 - 0x00007ffc3d0e7000 	C:\Windows\SYSTEM32\ncrypt.dll
0x00007ffc3d080000 - 0x00007ffc3d0bb000 	C:\Windows\SYSTEM32\NTASN1.dll
0x00007ffc3ca80000 - 0x00007ffc3cb4a000 	C:\Windows\SYSTEM32\DNSAPI.dll
0x00007ffc2d5d0000 - 0x00007ffc2d5da000 	C:\Windows\System32\rasadhlp.dll
0x00007ffc2de70000 - 0x00007ffc2def0000 	C:\Windows\System32\fwpuclnt.dll
0x00007ffc1c550000 - 0x00007ffc1c559000 	C:\Users\shop souf\.vscode\extensions\redhat.java-1.52.0-win32-x64\jre\21.0.9-win32-x86_64\bin\extnet.dll

JVMTI agents: none

dbghelp: loaded successfully - version: 4.0.5 - missing functions: none
symbol engine: initialized successfully - sym options: 0x614 - pdb path: .;c:\Users\shop souf\.vscode\extensions\redhat.java-1.52.0-win32-x64\jre\21.0.9-win32-x86_64\bin;C:\Windows\SYSTEM32;C:\Windows\WinSxS\amd64_microsoft.windows.common-controls_6595b64144ccf1df_6.0.19041.6456_none_60b8a6cb71f64256;c:\Users\shop souf\.vscode\extensions\redhat.java-1.52.0-win32-x64\jre\21.0.9-win32-x86_64\bin\server

VM Arguments:
jvm_args: -Xmx1024m -Dsts.lsp.client=vscode -Dsts.log.file=/dev/null -XX:TieredStopAtLevel=1 -Xlog:jni+resolve=off -Dspring.config.location=file:c:\Users\shop souf\.vscode\extensions\vmware.vscode-spring-boot-1.56.0\language-server\BOOT-INF\classes\application.properties 
java_command: org.springframework.ide.vscode.boot.app.BootLanguageServerBootApp
java_class_path (initial): c:\Users\shop souf\.vscode\extensions\vmware.vscode-spring-boot-1.56.0\language-server\BOOT-INF\classes;c:\Users\shop souf\.vscode\extensions\vmware.vscode-spring-boot-1.56.0\language-server\BOOT-INF\lib\annotations-24.1.0.jar;c:\Users\shop souf\.vscode\extensions\vmware.vscode-spring-boot-1.56.0\language-server\BOOT-INF\lib\antlr4-runtime-4.13.1.jar;c:\Users\shop souf\.vscode\extensions\vmware.vscode-spring-boot-1.56.0\language-server\BOOT-INF\lib\asm-9.7.jar;c:\Users\shop souf\.vscode\extensions\vmware.vscode-spring-boot-1.56.0\language-server\BOOT-INF\lib\asm-analysis-9.7.jar;c:\Users\shop souf\.vscode\extensions\vmware.vscode-spring-boot-1.56.0\language-server\BOOT-INF\lib\asm-tree-9.7.jar;c:\Users\shop souf\.vscode\extensions\vmware.vscode-spring-boot-1.56.0\language-server\BOOT-INF\lib\asm-util-9.7.jar;c:\Users\shop souf\.vscode\extensions\vmware.vscode-spring-boot-1.56.0\language-server\BOOT-INF\lib\caffeine-3.1.8.jar;c:\Users\shop souf\.vscode\extensions\vmware.vscode-spring-boot-1.56.0\language-server\BOOT-INF\lib\checker-qual-3.12.0.jar;c:\Users\shop souf\.vscode\extensions\vmware.vscode-spring-boot-1.56.0\language-server\BOOT-INF\lib\classgraph-4.8.149.jar;c:\Users\shop souf\.vscode\extensions\vmware.vscode-spring-boot-1.56.0\language-server\BOOT-INF\lib\commons-codec-1.16.1.jar;c:\Users\shop souf\.vscode\extensions\vmware.vscode-spring-boot-1.56.0\language-server\BOOT-INF\lib\commons-compress-1.26.2.jar;c:\Users\shop souf\.vscode\extensions\vmware.vscode-spring-boot-1.56.0\language-server\BOOT-INF\lib\commons-io-2.16.1.jar;c:\Users\shop souf\.vscode\extensions\vmware.vscode-spring-boot-1.56.0\language-server\BOOT-INF\lib\commons-java-1.56.0-SNAPSHOT.jar;c:\Users\shop souf\.vscode\extensions\vmware.vscode-spring-boot-1.56.0\language-server\BOOT-INF\lib\commons-lang3-3.14.0.jar;c:\Users\shop souf\.vscode\extensions\vmware.vscode-spring-boot-1.56.0\language-server\BOOT-INF\lib\commons-language-server-1.56.0-SNAPSHOT.jar;c:\Users\shop souf\.vscode\extensions\vmware.vscode-spring-boot-1.56.0\language-server\BOOT-INF\lib\commons-lsp-extensions-1.56.0-SNAPSHOT.jar;c:\Users\shop souf\.vscode\extensions\vmware.vscode-spring-boot-1.56.0\language-server\BOOT-INF\lib\commons-rewrite-1.56.0-SNAPSHOT.jar;c:\Users\shop souf\.vscode\extensions\vmware.vscode-spring-boot-1.56.0\language-server\BOOT-INF\lib\commons-text-1.12.0.jar;c:\Users\shop souf\.vscode\extensions\vmware.vscode-spring-boot-1.56.0\language-server\BOOT-INF\lib\commons-util-1.56.0-SNAPSHOT.jar;c:\Users\shop souf\.vscode\extensions\vmware.vscode-spring-boot-1.56.0\language-server\BOOT-INF\lib\commons-yaml-1.56.0-SNAPSHOT.jar;c:\Users\shop souf\.vscode\extensions\vmware.vscode-spring-boot-1.56.0\language-server\BOOT-INF\lib\docker-java-api-3.3.6.jar;c:\Users\shop souf\.vscode\extensions\vmware.vscode-spring-boot-1.56.0\language-server\BOOT-INF\lib\docker-java-transport-3.3.6.jar;c:\Users\shop souf\.vscode\extensions\vmware.vscode-spring-boot-1.56.0\language-server\BOOT-INF\lib\docker-java-transport-zerodep-3.3.6.jar;c:\Users\shop souf\.vscode\extensions\vmware.vscode-spring-boot-1.56.0\language-server\BOOT-INF\lib\duct-tape-1.0.8.jar;c:\Users\shop souf\.vscode\extensions\vmware.vscode-spring-boot-1.56.0\language-server\BOOT-INF\lib\ecj-3.38.0.jar;c:\Users\shop souf\.vscode\extensions\vmware.vscode-spring-boot-1.56.0\language-server\BOOT-INF\lib\error_prone_annotations-2.11.0.jar;c:\Users\shop souf\.vscode\extensions\vmware.vscode-spring-boot-1.56.0\language-server\BOOT-INF\lib\failsafe-3.3.2.jar;c:\Users\shop souf\.vscode\extensions\vmware.vscode-spring-boot-1.56.0\language-server\BOOT-INF\lib\failureaccess-1.0.1.jar;c:\Users\shop souf\.vscode\extensions\vmware.vscode-spring-boot-1.56.0\language-server\BOOT-INF\lib\fastfilter-1.0.2.jar;c:\Users\shop souf\.vscode\extensions\vmware.vscode-spring-boot-1.56.0\language-server\BOOT-INF\lib\functionaljava-5.0.jar;c:\Users\shop souf\.vscode\extensions\vmware.vscode-spring-boot-1.56.0\language-server\BOOT-INF\lib\gizmo-1.0.11.Final.jar;c:\Users\shop souf\.vscode\extensions\vmware.vscode-spring-boot-1.56.0\language-server\BOOT-INF\lib\gradle-tooling-api-8.4.jar;c:\Users\shop souf\.vscode\extensions\vmware.vscode-spring-boot-1.56.0\language-server\BOOT-INF\lib\groovy-3.0.22.jar;c:\Users\shop souf\.vscode\extensions\vmware.vscode-spring-boot-1.56.0\language-server\BOOT-INF\lib\gson-2.10.1.jar;c:\Users\shop souf\.vscode\extensions\vmware.vscode-spring-boot-1.56.0\language-server\BOOT-INF\lib\guava-31.1-jre.jar;c:\Users\shop souf\.vscode\extensions\vmware.vscode-spring-boot-1.56.0\language-server\BOOT-INF\lib\hamcrest-2.2.jar;c:\Users\shop souf\.vscode\extensions\vmware.vscode-spring-boot-1.56.0\language-server\BOOT-INF\lib\hamcrest-core-2.2.jar;c:\Users\shop souf\.vscode\extensions\vmware.vscode-spring-boot-1.56.0\language-server\BOOT-INF\lib\HdrHistogram-2.2.2.jar;c:\Users\shop souf\.vscode\extensions\vmware.vscode-spring-boot-1.56.0\language-server\BOOT-INF\lib\isorelax-20030108.jar;c:\Users\shop souf\.vscode\extensions\vmware.vscode-spring-boot-1.56.0\language-server\BOOT-INF\lib\j2objc-annotations-1.3.jar;c:\Users\shop souf\.vscode\extensions\vmware.vscode-spring-boot-1.56.0\language-server\BOOT-INF\lib\jackson-annotations-2.17.1.jar;c:\Users\shop souf\.vscode\extensions\vmware.vscode-spring-boot-1.56.0\language-server\BOOT-INF\lib\jackson-core-2.17.1.jar;c:\Users\shop souf\.vscode\extensions\vmware.vscode-spring-boot-1.56.0\language-server\BOOT-INF\lib\jackson-databind-2.17.1.jar;c:\Users\shop souf\.vscode\extensions\vmware.vscode-spring-boot-1.56.0\language-server\BOOT-INF\lib\jackson-dataformat-csv-2.17.1.jar;c:\Users\shop souf\.vscode\extensions\vmware.vscode-spring-boot-1.56.0\language-server\BOOT-INF\lib\jackson-dataformat-smile-2.17.1.jar;c:\Users\shop souf\.vscode\extensions\vmware.vscode-spring-boot-1.56.0\language-server\BOOT-INF\lib\jackson-dataformat-xml-2.17.1.jar;c:\Users\shop souf\.vscode\extensions\vmware.vscode-spring-boot-1.56.0\language-server\BOOT-INF\lib\jackson-datatype-jdk8-2.17.1.jar;c:\Users\shop souf\.vscode\extensions\vmware.vscode-spring-boot-1.56.0\language-server\BOOT-INF\lib\jackson-datatype-jsr310-2.17.1.jar;c:\Users\shop souf\.vscode\extensions\vmware.vscode-spring-boot-1.56.0\language-server\BOOT-INF\lib\jackson-module-jaxb-annotations-2.17.1.jar;c:\Users\shop souf\.vscode\extensions\vmware.vscode-spring-boot-1.56.0\language-server\BOOT-INF\lib\jackson-module-parameter-names-2.17.1.jar;c:\Users\shop souf\.vscode\extensions\vmware.vscode-spring-boot-1.56.0\language-server\BOOT-INF\lib\jakarta.activation-api-2.1.3.jar;c:\Users\shop souf\.vscode\extensions\vmware.vscode-spring-boot-1.56.0\language-server\BOOT-INF\lib\jakarta.annotation-api-2.1.1.jar;c:\Users\shop souf\.vscode\extensions\vmware.vscode-spring-boot-1.56.0\language-server\BOOT-INF\lib\jakarta.xml.bind-api-4.0.2.jar;c:\Users\shop souf\.vscode\extensions\vmware.vscode-spring-boot-1.56.0\language-server\BOOT-INF\lib\jandex-3.1.6.jar;c:\Users\shop souf\.vscode\extensions\vmware.vscode-spring-boot-1.56.0\language-server\BOOT-INF\lib\java-object-diff-0.95.jar;c:\Users\shop souf\.vscode\extensions\vmware.vscode-spring-boot-1.56.0\language-server\BOOT-INF\lib\java-object-diff-1.0.1.jar;c:\Users\shop souf\.vscode\extensions\vmware.vscode-spring-boot-1.56.0\language-server\BOOT-INF\lib\java-properties-1.56.0-SNAPSHOT.jar;c:\Users\shop souf\.vscode\extensions\vmware.vscode-spring-boot-1.56.0\language-server\BOOT-INF\lib\JavaEWAH-1.2.3.jar;c:\Users\shop souf\.vscode\extensions\vmware.vscode-spring-boot-1.56.0\language-server\BOOT-INF\lib\javax.activation-api-1.2.0.jar;c:\Users\shop souf\.vscode\extensions\vmware.vscode-spring-boot-1.56.0\language-server\BOOT-INF\lib\javax.inject-1.jar;c:\Users\shop souf\.vscode\extensions\vmware.vscode-spring-boot-1.56.0\language-server\BOOT-INF\lib\javolution-core-java-6.0.0.jar;c:\Users\shop souf\.vscode\extensions\vmware.vscode-spring-boot-1.56.0\language-server\BOOT-INF\lib\jaxb-api-2.3.1.jar;c:\Users\shop souf\.vscode\extensions\vmware.vscode-spring-boot-1.56.0\language-server\BOOT-INF\lib\jgit-1.2.0.jar;c:\Users\shop souf\.vscode\extensions\vmware.vscode-spring-boot-1.56.0\language-server\BOOT-INF\lib\jing-20220510.jar;c:\Users\shop souf\.vscode\extensions\vmware.vscode-spring-boot-1.56.0\language-server\BOOT-INF\lib\jna-5.14.0.jar;c:\Users\shop souf\.vscode\extensions\vmware.vscode-spring-boot-1.56.0\language-server\BOOT-INF\lib\jna-platform-5.14.0.jar;c:\Users\shop souf\.vscode\extensions\vmware.vscode-spring-boot-1.56.0\language-server\BOOT-INF\lib\jpql-1.56.0-SNAPSHOT.jar;c:\Users\shop souf\.vscode\extensions\vmware.vscode-spring-boot-1.56.0\language-server\BOOT-INF\lib\json-20231013.jar;c:\Users\shop souf\.vscode\extensions\vmware.vscode-spring-boot-1.56.0\language-server\BOOT-INF\lib\jsoup-1.14.2.jar;c:\Users\shop souf\.vscode\extensions\vmware.vscode-spring-boot-1.56.0\language-server\BOOT-INF\lib\jsr305-3.0.2.jar;c:\Users\shop souf\.vscode\extensions\vmware.vscode-spring-boot-1.56.0\language-server\BOOT-INF\lib\jul-to-slf4j-2.0.13.jar;c:\Users\shop souf\.vscode\extensions\vmware.vscode-spring-boot-1.56.0\language-server\BOOT-INF\lib\junit-4.13.2.jar;c:\Users\shop souf\.vscode\extensions\vmware.vscode-spring-boot-1.56.0\language-server\BOOT-INF\lib\kotlin-compiler-embeddable-1.9.20.jar;c:\Users\shop souf\.vscode\extensions\vmware.vscode-spring-boot-1.56.0\language-server\BOOT-INF\lib\kotlin-daemon-embeddable-1.9.20.jar;c:\Users\shop souf\.vscode\extensions\vmware.vscode-spring-boot-1.56.0\language-server\BOOT-INF\lib\kotlin-reflect-1.9.20.jar;c:\Users\shop souf\.vscode\extensions\vmware.vscode-spring-boot-1.56.0\language-server\BOOT-INF\lib\kotlin-script-runtime-1.9.20.jar;c:\Users\shop souf\.vscode\extensions\vmware.vscode-spring-boot-1.56.0\language-server\BOOT-INF\lib\kotlin-stdlib-1.9.20.jar;c:\Users\shop souf\.vscode\extensions\vmware.vscode-spring-boot-1.56.0\language-server\BOOT-INF\lib\kotlin-stdlib-common-1.9.20.jar;c:\Users\shop souf\.vscode\extensions\vmware.vscode-spring-boot-1.56.0\language-server\BOOT-INF\lib\kotlin-stdlib-jdk7-1.9.20.jar;c:\Users\shop souf\.vscode\extensions\vmware.vscode-spring-boot-1.56.0\language-server\BOOT-INF\lib\kotlin-stdlib-jdk8-1.9.20.jar;c:\Users\shop souf\.vscode\extensions\vmware.vscode-spring-boot-1.56.0\language-server\BOOT-INF\lib\language-server-starter-1.56.0-SNAPSHOT.jar;c:\Users\shop souf\.vscode\extensions\vmware.vscode-spring-boot-1.56.0\language-server\BOOT-INF\lib\LatencyUtils-2.0.3.jar;c:\Users\shop souf\.vscode\extensions\vmware.vscode-spring-boot-1.56.0\language-server\BOOT-INF\lib\listenablefuture-9999.0-empty-to-avoid-conflict-with-guava.jar;c:\Users\shop souf\.vscode\extensions\vmware.vscode-spring-boot-1.56.0\language-server\BOOT-INF\lib\log4j-api-2.23.1.jar;c:\Users\shop souf\.vscode\extensions\vmware.vscode-spring-boot-1.56.0\language-server\BOOT-INF\lib\log4j-to-slf4j-2.23.1.jar;c:\Users\shop souf\.vscode\extensions\vmware.vscode-spring-boot-1.56.0\language-server\BOOT-INF\lib\logback-classic-1.5.6.jar;c:\Users\shop souf\.vscode\extensions\vmware.vscode-spring-boot-1.56.0\language-server\BOOT-INF\lib\logback-core-1.5.6.jar;c:\Users\shop souf\.vscode\extensions\vmware.vscode-spring-boot-1.56.0\language-server\BOOT-INF\lib\micrometer-commons-1.13.1.jar;c:\Users\shop souf\.vscode\extensions\vmware.vscode-spring-boot-1.56.0\language-server\BOOT-INF\lib\micrometer-core-1.13.1.jar;c:\Users\shop souf\.vscode\extensions\vmware.vscode-spring-boot-1.56.0\language-server\BOOT-INF\lib\micrometer-observation-1.13.1.jar;c:\Users\shop souf\.vscode\extensions\vmware.vscode-spring-boot-1.56.0\language-server\BOOT-INF\lib\model-2.3.1.jar;c:\Users\shop souf\.vscode\extensions\vmware.vscode-spring-boot-1.56.0\language-server\BOOT-INF\lib\okhttp-4.12.0.jar;c:\Users\shop souf\.vscode\extensions\vmware.vscode-spring-boot-1.56.0\language-server\BOOT-INF\lib\okio-3.6.0.jar;c:\Users\shop souf\.vscode\extensions\vmware.vscode-spring-boot-1.56.0\language-server\BOOT-INF\lib\okio-jvm-3.6.0.jar;c:\Users\shop souf\.vscode\extensions\vmware.vscode-spring-boot-1.56.0\language-server\BOOT-INF\lib\org.eclipse.core.commands-3.12.100.jar;c:\Users\shop souf\.vscode\extensions\vmware.vscode-spring-boot-1.56.0\language-server\BOOT-INF\lib\org.eclipse.core.contenttype-3.9.400.jar;c:\Users\shop souf\.vscode\extensions\vmware.vscode-spring-boot-1.56.0\language-server\BOOT-INF\lib\org.eclipse.core.expressions-3.9.400.jar;c:\Users\shop souf\.vscode\extensions\vmware.vscode-spring-boot-1.56.0\language-server\BOOT-INF\lib\org.eclipse.core.filesystem-1.10.400.jar;c:\Users\shop souf\.vscode\extensions\vmware.vscode-spring-boot-1.56.0\language-server\BOOT-INF\lib\org.eclipse.core.jobs-3.15.300.jar;c:\Users\shop souf\.vscode\extensions\vmware.vscode-spring-boot-1.56.0\language-server\BOOT-INF\lib\org.eclipse.core.resources-3.20.200.jar;c:\Users\shop souf\.vscode\extensions\vmware.vscode-spring-boot-1.56.0\language-server\BOOT-INF\lib\org.eclipse.core.runtime-3.31.100.jar;c:\Users\shop souf\.vscode\extensions\vmware.vscode-spring-boot-1.56.0\language-server\BOOT-INF\lib\org.eclipse.equinox.app-1.7.100.jar;c:\Users\shop souf\.vscode\extensions\vmware.vscode-spring-boot-1.56.0\language-server\BOOT-INF\lib\org.eclipse.equinox.common-3.19.100.jar;c:\Users\shop souf\.vscode\extensions\vmware.vscode-spring-boot-1.56.0\language-server\BOOT-INF\lib\org.eclipse.equinox.preferences-3.10.1.jar;c:\Users\shop souf\.vscode\extensions\vmware.vscode-spring-boot-1.56.0\language-server\BOOT-INF\lib\org.eclipse.equinox.registry-3.12.100.jar;c:\Users\shop souf\.vscode\extensions\vmware.vscode-spring-boot-1.56.0\language-server\BOOT-INF\lib\org.eclipse.jdt.core-3.38.0.jar;c:\Users\shop souf\.vscode\extensions\vmware.vscode-spring-boot-1.56.0\language-server\BOOT-INF\lib\org.eclipse.jgit-6.9.0.202403050737-r.jar;c:\Users\shop souf\.vscode\extensions\vmware.vscode-spring-boot-1.56.0\language-server\BOOT-INF\lib\org.eclipse.lemminx-0.24.0.jar;c:\Users\shop souf\.vscode\extensions\vmware.vscode-spring-boot-1.56.0\language-server\BOOT-INF\lib\org.eclipse.lsp4j-0.19.0.jar;c:\Users\shop souf\.vscode\extensions\vmware.vscode-spring-boot-1.56.0\language-server\BOOT-INF\lib\org.eclipse.lsp4j.generator-0.19.0.jar;c:\Users\shop souf\.vscode\extensions\vmware.vscode-spring-boot-1.56.0\language-server\BOOT-INF\lib\org.eclipse.lsp4j.jsonrpc-0.19.0.jar;c:\Users\shop souf\.vscode\extensions\vmware.vscode-spring-boot-1.56.0\language-server\BOOT-INF\lib\org.eclipse.osgi-3.20.0.jar;c:\Users\shop souf\.vscode\extensions\vmware.vscode-spring-boot-1.56.0\language-server\BOOT-INF\lib\org.eclipse.text-3.14.100.jar;c:\Users\shop souf\.vscode\extensions\vmware.vscode-spring-boot-1.56.0\language-server\BOOT-INF\lib\org.eclipse.xtend.lib-2.28.0.jar;c:\Users\shop souf\.vscode\extensions\vmware.vscode-spring-boot-1.56.0\language-server\BOOT-INF\lib\org.eclipse.xtend.lib.macro-2.28.0.jar;c:\Users\shop souf\.vscode\extensions\vmware.vscode-spring-boot-1.56.0\language-server\BOOT-INF\lib\org.eclipse.xtext.xbase.lib-2.28.0.jar;c:\Users\shop souf\.vscode\extensions\vmware.vscode-spring-boot-1.56.0\language-server\BOOT-INF\lib\org.json-1.0.0-SNAPSHOT.jar;c:\Users\shop souf\.vscode\extensions\vmware.vscode-spring-boot-1.56.0\language-server\BOOT-INF\lib\org.osgi.service.prefs-1.1.2.jar;c:\Users\shop souf\.vscode\extensions\vmware.vscode-spring-boot-1.56.0\language-server\BOOT-INF\lib\osgi.annotation-8.1.0.jar;c:\Users\shop souf\.vscode\extensions\vmware.vscode-spring-boot-1.56.0\language-server\BOOT-INF\lib\reactive-streams-1.0.4.jar;c:\Users\shop souf\.vscode\extensions\vmware.vscode-spring-boot-1.56.0\language-server\BOOT-INF\lib\reactor-core-3.6.7.jar;c:\Users\shop souf\.vscode\extensions\vmware.vscode-spring-boot-1.56.0\language-server\BOOT-INF\lib\remark-1.0.0.jar;c:\Users\shop souf\.vscode\extensions\vmware.vscode-spring-boot-1.56.0\language-server\BOOT-INF\lib\rewrite-analysis-2.9.2.jar;c:\Users\shop souf\.vscode\extensions\vmware.vscode-spring-boot-1.56.0\language-server\BOOT-INF\lib\rewrite-core-8.29.0.jar;c:\Users\shop souf\.vscode\extensions\vmware.vscode-spring-boot-1.56.0\language-server\BOOT-INF\lib\rewrite-github-actions-2.6.2.jar;c:\Users\shop souf\.vscode\extensions\vmware.vscode-spring-boot-1.56.0\language-server\BOOT-INF\lib\rewrite-gradle-8.29.0.jar;c:\Users\shop souf\.vscode\extensions\vmware.vscode-spring-boot-1.56.0\language-server\BOOT-INF\lib\rewrite-groovy-8.29.0.jar;c:\Users\shop souf\.vscode\extensions\vmware.vscode-spring-boot-1.56.0\language-server\BOOT-INF\lib\rewrite-hibernate-1.8.0.jar;c:\Users\shop souf\.vscode\extensions\vmware.vscode-spring-boot-1.56.0\language-server\BOOT-INF\lib\rewrite-java-11-8.29.0.jar;c:\Users\shop souf\.vscode\extensions\vmware.vscode-spring-boot-1.56.0\language-server\BOOT-INF\lib\rewrite-java-17-8.29.0.jar;c:\Users\shop souf\.vscode\extensions\vmware.vscode-spring-boot-1.56.0\language-server\BOOT-INF\lib\rewrite-java-21-8.29.0.jar;c:\Users\shop souf\.vscode\extensions\vmware.vscode-spring-boot-1.56.0\language-server\BOOT-INF\lib\rewrite-java-8-8.29.0.jar;c:\Users\shop souf\.vscode\extensions\vmware.vscode-spring-boot-1.56.0\language-server\BOOT-INF\lib\rewrite-java-8.29.0.jar;c:\Users\shop souf\.vscode\extensions\vmware.vscode-spring-boot-1.56.0\language-server\BOOT-INF\lib\rewrite-java-dependencies-1.12.0.jar;c:\Users\shop souf\.vscode\extensions\vmware.vscode-spring-boot-1.56.0\language-server\BOOT-INF\lib\rewrite-jenkins-0.8.2.jar;c:\Users\shop souf\.vscode\extensions\vmware.vscode-spring-boot-1.56.0\language-server\BOOT-INF\lib\rewrite-kotlin-1.18.2.jar;c:\Users\shop souf\.vscode\extensions\vmware.vscode-spring-boot-1.56.0\language-server\BOOT-INF\lib\rewrite-maven-8.29.0.jar;c:\Users\shop souf\.vscode\extensions\vmware.vscode-spring-boot-1.56.0\language-server\BOOT-INF\lib\rewrite-migrate-java-2.19.0.jar;c:\Users\shop souf\.vscode\extensions\vmware.vscode-spring-boot-1.56.0\language-server\BOOT-INF\lib\rewrite-openapi-0.5.2.jar;c:\Users\shop souf\.vscode\extensions\vmware.vscode-spring-boot-1.56.0\language-server\BOOT-INF\lib\rewrite-properties-8.29.0.jar;c:\Users\shop souf\.vscode\extensions\vmware.vscode-spring-boot-1.56.0\language-server\BOOT-INF\lib\rewrite-spring-5.14.0.jar;c:\Users\shop souf\.vscode\extensions\vmware.vscode-spring-boot-1.56.0\language-server\BOOT-INF\lib\rewrite-static-analysis-1.11.0.jar;c:\Users\shop souf\.vscode\extensions\vmware.vscode-spring-boot-1.56.0\language-server\BOOT-INF\lib\rewrite-templating-1.11.2.jar;c:\Users\shop souf\.vscode\extensions\vmware.vscode-spring-boot-1.56.0\language-server\BOOT-INF\lib\rewrite-testing-frameworks-2.13.0.jar;c:\Users\shop souf\.vscode\extensions\vmware.vscode-spring-boot-1.56.0\language-server\BOOT-INF\lib\rewrite-xml-8.29.0.jar;c:\Users\shop souf\.vscode\extensions\vmware.vscode-spring-boot-1.56.0\language-server\BOOT-INF\lib\rewrite-yaml-8.29.0.jar;c:\Users\shop souf\.vscode\extensions\vmware.vscode-spring-boot-1.56.0\language-server\BOOT-INF\lib\slf4j-api-2.0.13.jar;c:\Users\shop souf\.vscode\extensions\vmware.vscode-spring-boot-1.56.0\language-server\BOOT-INF\lib\snakeyaml-2.2.jar;c:\Users\shop souf\.vscode\extensions\vmware.vscode-spring-boot-1.56.0\language-server\BOOT-INF\lib\snappy-java-1.1.10.5.jar;c:\Users\shop souf\.vscode\extensions\vmware.vscode-spring-boot-1.56.0\language-server\BOOT-INF\lib\spring-aop-6.1.10.jar;c:\Users\shop souf\.vscode\extensions\vmware.vscode-spring-boot-1.56.0\language-server\BOOT-INF\lib\spring-beans-6.1.10.jar;c:\Users\shop souf\.vscode\extensions\vmware.vscode-spring-boot-1.56.0\language-server\BOOT-INF\lib\spring-boot-3.3.1.jar;c:\Users\shop souf\.vscode\extensions\vmware.vscode-spring-boot-1.56.0\language-server\BOOT-INF\lib\spring-boot-autoconfigure-3.3.1.jar;c:\Users\shop souf\.vscode\extensions\vmware.vscode-spring-boot-1.56.0\language-server\BOOT-INF\lib\spring-boot-jarmode-tools-3.3.1.jar;c:\Users\shop souf\.vscode\extensions\vmware.vscode-spring-boot-1.56.0\language-server\BOOT-INF\lib\spring-context-6.1.10.jar;c:\Users\shop souf\.vscode\extensions\vmware.vscode-spring-boot-1.56.0\language-server\BOOT-INF\lib\spring-context-indexer-6.1.10.jar;c:\Users\shop souf\.vscode\extensions\vmware.vscode-spring-boot-1.56.0\language-server\BOOT-INF\lib\spring-core-6.1.10.jar;c:\Users\shop souf\.vscode\extensions\vmware.vscode-spring-boot-1.56.0\language-server\BOOT-INF\lib\spring-expression-6.1.10.jar;c:\Users\shop souf\.vscode\extensions\vmware.vscode-spring-boot-1.56.0\language-server\BOOT-INF\lib\spring-jcl-6.1.10.jar;c:\Users\shop souf\.vscode\extensions\vmware.vscode-spring-boot-1.56.0\language-server\BOOT-INF\lib\spring-web-6.1.10.jar;c:\Users\shop souf\.vscode\extensions\vmware.vscode-spring-boot-1.56.0\language-server\BOOT-INF\lib\stax2-api-4.2.2.jar;c:\Users\shop souf\.vscode\extensions\vmware.vscode-spring-boot-1.56.0\language-server\BOOT-INF\lib\testcontainers-1.19.8.jar;c:\Users\shop souf\.vscode\extensions\vmware.vscode-spring-boot-1.56.0\language-server\BOOT-INF\lib\trove4j-1.0.20200330.jar;c:\Users\shop souf\.vscode\extensions\vmware.vscode-spring-boot-1.56.0\language-server\BOOT-INF\lib\woodstox-core-6.6.2.jar;c:\Users\shop souf\.vscode\extensions\vmware.vscode-spring-boot-1.56.0\language-server\BOOT-INF\lib\xercesImpl-2.12.2.jar;c:\Users\shop souf\.vscode\extensions\vmware.vscode-spring-boot-1.56.0\language-server\BOOT-INF\lib\xml-apis-1.4.01.jar;c:\Users\shop souf\.vscode\extensions\vmware.vscode-spring-boot-1.56.0\language-server\BOOT-INF\lib\xml-resolver-1.2.jar
Launcher Type: SUN_STANDARD

[Global flags]
     intx CICompilerCount                          = 3                                         {product} {ergonomic}
     uint ConcGCThreads                            = 1                                         {product} {ergonomic}
     uint G1ConcRefinementThreads                  = 4                                         {product} {ergonomic}
   size_t G1HeapRegionSize                         = 1048576                                   {product} {ergonomic}
    uintx GCDrainStackTargetSize                   = 64                                        {product} {ergonomic}
   size_t InitialHeapSize                          = 134217728                                 {product} {ergonomic}
   size_t MarkStackSize                            = 4194304                                   {product} {ergonomic}
   size_t MaxHeapSize                              = 1073741824                                {product} {command line}
   size_t MaxNewSize                               = 643825664                                 {product} {ergonomic}
   size_t MinHeapDeltaBytes                        = 1048576                                   {product} {ergonomic}
   size_t MinHeapSize                              = 8388608                                   {product} {ergonomic}
    uintx NonNMethodCodeHeapSize                   = 4096                                   {pd product} {ergonomic}
    uintx NonProfiledCodeHeapSize                  = 0                                      {pd product} {ergonomic}
     bool ProfileInterpreter                       = false                                  {pd product} {command line}
    uintx ProfiledCodeHeapSize                     = 0                                      {pd product} {ergonomic}
   size_t SoftMaxHeapSize                          = 1073741824                             {manageable} {ergonomic}
     intx TieredStopAtLevel                        = 1                                         {product} {command line}
     bool UseCompressedOops                        = true                           {product lp64_product} {ergonomic}
     bool UseG1GC                                  = true                                      {product} {ergonomic}
     bool UseLargePagesIndividualAllocation        = false                                  {pd product} {ergonomic}

Logging:
Log output configuration:
 #0: stdout all=warning,jni+resolve=off uptime,level,tags foldmultilines=false
 #1: stderr all=off uptime,level,tags foldmultilines=false

Release file:
JAVA_VERSION="21.0.9" 
MODULES="java.base java.compiler java.datatransfer java.xml java.prefs java.desktop java.instrument java.logging java.management java.security.sasl java.naming java.rmi java.management.rmi java.net.http java.scripting java.security.jgss java.transaction.xa java.sql java.sql.rowset java.xml.crypto java.se java.smartcardio jdk.accessibility jdk.internal.jvmstat jdk.attach jdk.charsets jdk.internal.opt jdk.zipfs jdk.compiler jdk.crypto.ec jdk.crypto.cryptoki jdk.crypto.mscapi jdk.dynalink jdk.internal.ed jdk.editpad jdk.hotspot.agent jdk.httpserver jdk.internal.le jdk.internal.vm.ci jdk.internal.vm.compiler jdk.internal.vm.compiler.management jdk.jartool jdk.javadoc jdk.jcmd jdk.management jdk.management.agent jdk.jconsole jdk.jdeps jdk.jdwp.agent jdk.jdi jdk.jfr jdk.jshell jdk.jsobject jdk.jstatd jdk.localedata jdk.management.jfr jdk.naming.dns jdk.naming.rmi jdk.net jdk.nio.mapmode jdk.random jdk.sctp jdk.security.auth jdk.security.jgss jdk.unsupported jdk.unsupported.desktop jdk.xml.dom" 

Environment Variables:
JAVA_HOME=C:\Program Files\Java\jdk-17
PATH=C:\Program Files\Common Files\Oracle\Java\javapath;C:\Program Files (x86)\Common Files\Oracle\Java\java8path;C:\Windows\system32;C:\Windows;C:\Windows\System32\Wbem;C:\Windows\System32\WindowsPowerShell\v1.0\;C:\Windows\System32\OpenSSH\;C:\Program Files\dotnet\;C:\Program Files\Microsoft SQL Server\120\Tools\Binn\;C:\Program Files\Microsoft SQL Server\Client SDK\ODBC\110\Tools\Binn\;C:\Program Files (x86)\Microsoft SQL Server\120\Tools\Binn\;C:\Program Files\Microsoft SQL Server\120\DTS\Binn\;C:\Program Files (x86)\Microsoft SQL Server\120\Tools\Binn\ManagementStudio\;C:\Program Files (x86)\Microsoft SQL Server\120\DTS\Binn\;C:\Program Files\Microsoft SQL Server\150\Tools\Binn\;C:\Program Files\Microsoft SQL Server\Client SDK\ODBC\170\Tools\Binn\;C:\Program Files\Git\cmd;c:\Program Files (x86)\Microsoft SQL Server\100\Tools\Binn\;c:\Program Files\Microsoft SQL Server\100\Tools\Binn\;c:\Program Files\Microsoft SQL Server\100\DTS\Binn\;C:\flutter\bin\cache\dart-sdk\lib;C:\Users\shop souf\AppData\Local\Pub\Cache\bin;C:\Users\shop souf\AppData\Local\Pub\Cache\bin;C:\Users\shop souf\AppData\Local\Programs\Python\Python314;C:\xampp\php;C:\ProgramData\ComposerSetup\bin;C:\Program Files\MySQL\MySQL Server 8.0\bin;C:\Program Files\MySQL\MySQL Server 8.0\bin;C:\android\platform-tools;C:\apache-maven-3.9.6\bin;%catalina_home%\bin;C:\Users\shop souf\Downloads\apache-tomcat-9.0.85\bin;C:\Users\shop souf\Downloads\apache-maven-3.9.6\bin;C:\Users\shop souf\Downloads\openjfx-21.0.2_windows-x64_bin-sdk.zip\javafx-sdk-21.0.2\bin;C:\Program Files (x86)\php-8.3.3;%JAVA_HOME%\bin;C:\Program Files\nodejs\;C:\Users\shop souf\AppData\Local\Programs\Microsoft VS Code;C:\Program Files\MongoDB\Server\8.0\bin;C:\mongosh-2.5.3-win32-x64\bin;C:\Users\shop souf\.gradle\wrapper\dists\gradle-8.2\bin;C:\flutter\bin;C:\android\SDK\cmdline-tools\latest\bin;C:\android\SDK\platform-tools;C:\MinGW\bin;C:\ffmpeg-8.0-essentials_build\bin;C:\Users\shop souf\AppData\Local\Programs\Python\Python314\Scripts;C:\Users\shop souf\AppData\Local\Programs\Python\Python312\Scripts\;C:\Users\shop souf\AppData\Local\Programs\Python\Python312\;C:\Users\shop souf\AppData\Local\Programs\Python\Launcher\;C:\Users\shop souf\AppData\Local\Programs\Python\Python314\Scripts\;C:\Users\shop souf\AppData\Local\Programs\Python\Python314\;C:\Users\shop souf\AppData\Local\Microsoft\WindowsApps;C:\Users\shop souf\.dotnet\tools;C:\commandlinetools-win-9123335_latest\cmdline-tools\bin;C:\commandlinetools-win-9123335_latest\cmdline-tools\build-tools;C:\commandlinetools-win-9123335_latest\cmdline-tools\platforms;C:\Program Files\Java\jdk-15.0.2;C:\flutter\bin\cache\dart-sdk\lib;C:\flutter\.pub-cache\bin;C:\Users\shop souf\AppData\Local\Pub\Cache\bin;C:\gradle-7.5\bin;C:\MinGW\bin;C:\Users\shop souf\AppData\Local\Programs\Microsoft VS Code Insiders\bin;C:\Users\shop souf\AppData\Local\Programs\Python;C:\Users\shop souf\AppData\Roaming\Composer\vendor\bin;C:\Users\shop souf\AppData\Local\Programs\Microsoft VS Code\bin;C:\flutter\bin;C:\Users\shop souf\AppData\Roaming\npm
USERNAME=shop souf
OS=Windows_NT
PROCESSOR_IDENTIFIER=Intel64 Family 6 Model 61 Stepping 4, GenuineIntel
TMP=C:\Users\SHOPSO~1\AppData\Local\Temp
TEMP=C:\Users\SHOPSO~1\AppData\Local\Temp




Periodic native trim disabled

---------------  S Y S T E M  ---------------

OS:
 Windows 10 , 64 bit Build 19041 (10.0.19041.5915)
OS uptime: 3 days 22:47 hours

CPU: total 4 (initial active 4) (2 cores per cpu, 2 threads per core) family 6 model 61 stepping 4 microcode 0x2d, cx8, cmov, fxsr, ht, mmx, 3dnowpref, sse, sse2, sse3, ssse3, sse4.1, sse4.2, popcnt, lzcnt, tsc, tscinvbit, avx, avx2, aes, erms, clmul, bmi1, bmi2, rtm, adx, fma, vzeroupper, clflush, rdtscp, f16c
Processor Information for the first 4 processors :
  Max Mhz: 2301, Current Mhz: 2301, Mhz Limit: 2301

Memory: 4k page, system-wide physical 8067M (376M free)
TotalPageFile size 29458M (AvailPageFile size 70M)
current process WorkingSet (physical memory assigned to process): 191M, peak: 230M
current process commit charge ("private bytes"): 253M, peak: 262M

vm_info: OpenJDK 64-Bit Server VM (21.0.9+10-LTS) for windows-amd64 JRE (21.0.9+10-LTS), built on 2025-10-21T00:00:00Z by "admin" with unknown MS VC++:1942

END.
